<?xml version="1.0" encoding="UTF-8"?>
<!-- Generated by org.testng.reporters.JUnitXMLReporter -->
<testsuite hostname="DESKTOP-CUT93Q8" ignored="0" name="Command line test" tests="14" failures="0" timestamp="2021-08-07T19:07:40 IST" time="8859.386" errors="0">
  <testcase name="@BeforeMethod setUp" time="22.271" classname="com.crm.qa.test.ContactsPageTest">
    <failure type="java.lang.StackOverflowError">
      <![CDATA[java.lang.StackOverflowError
at java.io.FileOutputStream.writeBytes(Native Method)
at java.io.FileOutputStream.write(FileOutputStream.java:326)
at java.io.BufferedOutputStream.flushBuffer(BufferedOutputStream.java:82)
at java.io.BufferedOutputStream.write(BufferedOutputStream.java:126)
at java.io.PrintStream.write(PrintStream.java:480)
at com.crm.qa.util.WebEventListener.onException(WebEventListener.java:55)
at org.openqa.selenium.support.events.EventFiringWebDriver.lambda$new$0(EventFiringWebDriver.java:94)
at com.sun.proxy.$Proxy10.onException(Unknown Source)
at org.openqa.selenium.support.events.EventFiringWebDriver.lambda$new$1(EventFiringWebDriver.java:117)
at com.sun.proxy.$Proxy11.getScreenshotAs(Unknown Source)
at org.openqa.selenium.support.events.EventFiringWebDriver.getScreenshotAs(EventFiringWebDriver.java:312)
at com.crm.qa.util.TestUtil.takeScreenshotAtEndOfTest(TestUtil.java:27)
at com.crm.qa.util.WebEventListener.onException(WebEventListener.java:57)
at org.openqa.selenium.support.events.EventFiringWebDriver.lambda$new$0(EventFiringWebDriver.java:94)
at com.sun.proxy.$Proxy10.onException(Unknown Source)
at org.openqa.selenium.support.events.EventFiringWebDriver.lambda$new$1(EventFiringWebDriver.java:117)
at com.sun.proxy.$Proxy11.getScreenshotAs(Unknown Source)
at org.openqa.selenium.support.events.EventFiringWebDriver.getScreenshotAs(EventFiringWebDriver.java:312)
at com.crm.qa.util.TestUtil.takeScreenshotAtEndOfTest(TestUtil.java:27)
at com.crm.qa.util.WebEventListener.onException(WebEventListener.java:57)
at org.openqa.selenium.support.events.EventFiringWebDriver.lambda$new$0(EventFiringWebDriver.java:94)
at com.sun.proxy.$Proxy10.onException(Unknown Source)
at org.openqa.selenium.support.events.EventFiringWebDriver.lambda$new$1(EventFiringWebDriver.java:117)
at com.sun.proxy.$Proxy11.getScreenshotAs(Unknown Source)
at org.openqa.selenium.support.events.EventFiringWebDriver.getScreenshotAs(EventFiringWebDriver.java:312)
at com.crm.qa.util.TestUtil.takeScreenshotAtEndOfTest(TestUtil.java:27)
at com.crm.qa.util.WebEventListener.onException(WebEventListener.java:57)
at org.openqa.selenium.support.events.EventFiringWebDriver.lambda$new$0(EventFiringWebDriver.java:94)
at com.sun.proxy.$Proxy10.onException(Unknown Source)
at org.openqa.selenium.support.events.EventFiringWebDriver.lambda$new$1(EventFiringWebDriver.java:117)
at com.sun.proxy.$Proxy11.getScreenshotAs(Unknown Source)
at org.openqa.selenium.support.events.EventFiringWebDriver.getScreenshotAs(EventFiringWebDriver.java:312)
at com.crm.qa.util.TestUtil.takeScreenshotAtEndOfTest(TestUtil.java:27)
at com.crm.qa.util.WebEventListener.onException(WebEventListener.java:57)
at org.openqa.selenium.support.events.EventFiringWebDriver.lambda$new$0(EventFiringWebDriver.java:94)
at com.sun.proxy.$Proxy10.onException(Unknown Source)
at org.openqa.selenium.support.events.EventFiringWebDriver.lambda$new$1(EventFiringWebDriver.java:117)
at com.sun.proxy.$Proxy11.getScreenshotAs(Unknown Source)
at org.openqa.selenium.support.events.EventFiringWebDriver.getScreenshotAs(EventFiringWebDriver.java:312)
at com.crm.qa.util.TestUtil.takeScreenshotAtEndOfTest(TestUtil.java:27)
at com.crm.qa.util.WebEventListener.onException(WebEventListener.java:57)
at org.openqa.selenium.support.events.EventFiringWebDriver.lambda$new$0(EventFiringWebDriver.java:94)
at com.sun.proxy.$Proxy10.onException(Unknown Source)
at org.openqa.selenium.support.events.EventFiringWebDriver.lambda$new$1(EventFiringWebDriver.java:117)
at com.sun.proxy.$Proxy11.getScreenshotAs(Unknown Source)
at org.openqa.selenium.support.events.EventFiringWebDriver.getScreenshotAs(EventFiringWebDriver.java:312)
at com.crm.qa.util.TestUtil.takeScreenshotAtEndOfTest(TestUtil.java:27)
at com.crm.qa.util.WebEventListener.onException(WebEventListener.java:57)
at org.openqa.selenium.support.events.EventFiringWebDriver.lambda$new$0(EventFiringWebDriver.java:94)
at com.sun.proxy.$Proxy10.onException(Unknown Source)
at org.openqa.selenium.support.events.EventFiringWebDriver.lambda$new$1(EventFiringWebDriver.java:117)
at com.sun.proxy.$Proxy11.getScreenshotAs(Unknown Source)
at org.openqa.selenium.support.events.EventFiringWebDriver.getScreenshotAs(EventFiringWebDriver.java:312)
at com.crm.qa.util.TestUtil.takeScreenshotAtEndOfTest(TestUtil.java:27)
at com.crm.qa.util.WebEventListener.onException(WebEventListener.java:57)
at org.openqa.selenium.support.events.EventFiringWebDriver.lambda$new$0(EventFiringWebDriver.java:94)
at com.sun.proxy.$Proxy10.onException(Unknown Source)
at org.openqa.selenium.support.events.EventFiringWebDriver.lambda$new$1(EventFiringWebDriver.java:117)
at com.sun.proxy.$Proxy11.getScreenshotAs(Unknown Source)
at org.openqa.selenium.support.events.EventFiringWebDriver.getScreenshotAs(EventFiringWebDriver.java:312)
at com.crm.qa.util.TestUtil.takeScreenshotAtEndOfTest(TestUtil.java:27)
at com.crm.qa.util.WebEventListener.onException(WebEventListener.java:57)
at org.openqa.selenium.support.events.EventFiringWebDriver.lambda$new$0(EventFiringWebDriver.java:94)
at com.sun.proxy.$Proxy10.onException(Unknown Source)
at org.openqa.selenium.support.events.EventFiringWebDriver.lambda$new$1(EventFiringWebDriver.java:117)
at com.sun.proxy.$Proxy11.getScreenshotAs(Unknown Source)
at org.openqa.selenium.support.events.EventFiringWebDriver.getScreenshotAs(EventFiringWebDriver.java:312)
at com.crm.qa.util.TestUtil.takeScreenshotAtEndOfTest(TestUtil.java:27)
at com.crm.qa.util.WebEventListener.onException(WebEventListener.java:57)
at org.openqa.selenium.support.events.EventFiringWebDriver.lambda$new$0(EventFiringWebDriver.java:94)
at com.sun.proxy.$Proxy10.onException(Unknown Source)
at org.openqa.selenium.support.events.EventFiringWebDriver.lambda$new$1(EventFiringWebDriver.java:117)
at com.sun.proxy.$Proxy11.getScreenshotAs(Unknown Source)
at org.openqa.selenium.support.events.EventFiringWebDriver.getScreenshotAs(EventFiringWebDriver.java:312)
at com.crm.qa.util.TestUtil.takeScreenshotAtEndOfTest(TestUtil.java:27)
at com.crm.qa.util.WebEventListener.onException(WebEventListener.java:57)
at org.openqa.selenium.support.events.EventFiringWebDriver.lambda$new$0(EventFiringWebDriver.java:94)
at com.sun.proxy.$Proxy10.onException(Unknown Source)
at org.openqa.selenium.support.events.EventFiringWebDriver.lambda$new$1(EventFiringWebDriver.java:117)
at com.sun.proxy.$Proxy11.getScreenshotAs(Unknown Source)
at org.openqa.selenium.support.events.EventFiringWebDriver.getScreenshotAs(EventFiringWebDriver.java:312)
at com.crm.qa.util.TestUtil.takeScreenshotAtEndOfTest(TestUtil.java:27)
at com.crm.qa.util.WebEventListener.onException(WebEventListener.java:57)
at org.openqa.selenium.support.events.EventFiringWebDriver.lambda$new$0(EventFiringWebDriver.java:94)
at com.sun.proxy.$Proxy10.onException(Unknown Source)
at org.openqa.selenium.support.events.EventFiringWebDriver.lambda$new$1(EventFiringWebDriver.java:117)
at com.sun.proxy.$Proxy11.getScreenshotAs(Unknown Source)
at org.openqa.selenium.support.events.EventFiringWebDriver.getScreenshotAs(EventFiringWebDriver.java:312)
at com.crm.qa.util.TestUtil.takeScreenshotAtEndOfTest(TestUtil.java:27)
at com.crm.qa.util.WebEventListener.onException(WebEventListener.java:57)
at org.openqa.selenium.support.events.EventFiringWebDriver.lambda$new$0(EventFiringWebDriver.java:94)
at com.sun.proxy.$Proxy10.onException(Unknown Source)
at org.openqa.selenium.support.events.EventFiringWebDriver.lambda$new$1(EventFiringWebDriver.java:117)
at com.sun.proxy.$Proxy11.getScreenshotAs(Unknown Source)
at org.openqa.selenium.support.events.EventFiringWebDriver.getScreenshotAs(EventFiringWebDriver.java:312)
at com.crm.qa.util.TestUtil.takeScreenshotAtEndOfTest(TestUtil.java:27)
at com.crm.qa.util.WebEventListener.onException(WebEventListener.java:57)
at org.openqa.selenium.support.events.EventFiringWebDriver.lambda$new$0(EventFiringWebDriver.java:94)
at com.sun.proxy.$Proxy10.onException(Unknown Source)
at org.openqa.selenium.support.events.EventFiringWebDriver.lambda$new$1(EventFiringWebDriver.java:117)
at com.sun.proxy.$Proxy11.getScreenshotAs(Unknown Source)
at org.openqa.selenium.support.events.EventFiringWebDriver.getScreenshotAs(EventFiringWebDriver.java:312)
at com.crm.qa.util.TestUtil.takeScreenshotAtEndOfTest(TestUtil.java:27)
at com.crm.qa.util.WebEventListener.onException(WebEventListener.java:57)
at org.openqa.selenium.support.events.EventFiringWebDriver.lambda$new$0(EventFiringWebDriver.java:94)
at com.sun.proxy.$Proxy10.onException(Unknown Source)
at org.openqa.selenium.support.events.EventFiringWebDriver.lambda$new$1(EventFiringWebDriver.java:117)
at com.sun.proxy.$Proxy11.getScreenshotAs(Unknown Source)
at org.openqa.selenium.support.events.EventFiringWebDriver.getScreenshotAs(EventFiringWebDriver.java:312)
at com.crm.qa.util.TestUtil.takeScreenshotAtEndOfTest(TestUtil.java:27)
at com.crm.qa.util.WebEventListener.onException(WebEventListener.java:57)
at org.openqa.selenium.support.events.EventFiringWebDriver.lambda$new$0(EventFiringWebDriver.java:94)
at com.sun.proxy.$Proxy10.onException(Unknown Source)
at org.openqa.selenium.support.events.EventFiringWebDriver.lambda$new$1(EventFiringWebDriver.java:117)
at com.sun.proxy.$Proxy11.getScreenshotAs(Unknown Source)
at org.openqa.selenium.support.events.EventFiringWebDriver.getScreenshotAs(EventFiringWebDriver.java:312)
at com.crm.qa.util.TestUtil.takeScreenshotAtEndOfTest(TestUtil.java:27)
at com.crm.qa.util.WebEventListener.onException(WebEventListener.java:57)
at org.openqa.selenium.support.events.EventFiringWebDriver.lambda$new$0(EventFiringWebDriver.java:94)
at com.sun.proxy.$Proxy10.onException(Unknown Source)
at org.openqa.selenium.support.events.EventFiringWebDriver.lambda$new$1(EventFiringWebDriver.java:117)
at com.sun.proxy.$Proxy11.getScreenshotAs(Unknown Source)
at org.openqa.selenium.support.events.EventFiringWebDriver.getScreenshotAs(EventFiringWebDriver.java:312)
at com.crm.qa.util.TestUtil.takeScreenshotAtEndOfTest(TestUtil.java:27)
at com.crm.qa.util.WebEventListener.onException(WebEventListener.java:57)
at org.openqa.selenium.support.events.EventFiringWebDriver.lambda$new$0(EventFiringWebDriver.java:94)
at com.sun.proxy.$Proxy10.onException(Unknown Source)
at org.openqa.selenium.support.events.EventFiringWebDriver.lambda$new$1(EventFiringWebDriver.java:117)
at com.sun.proxy.$Proxy11.getScreenshotAs(Unknown Source)
at org.openqa.selenium.support.events.EventFiringWebDriver.getScreenshotAs(EventFiringWebDriver.java:312)
at com.crm.qa.util.TestUtil.takeScreenshotAtEndOfTest(TestUtil.java:27)
at com.crm.qa.util.WebEventListener.onException(WebEventListener.java:57)
at org.openqa.selenium.support.events.EventFiringWebDriver.lambda$new$0(EventFiringWebDriver.java:94)
at com.sun.proxy.$Proxy10.onException(Unknown Source)
at org.openqa.selenium.support.events.EventFiringWebDriver.lambda$new$1(EventFiringWebDriver.java:117)
at com.sun.proxy.$Proxy11.getScreenshotAs(Unknown Source)
at org.openqa.selenium.support.events.EventFiringWebDriver.getScreenshotAs(EventFiringWebDriver.java:312)
at com.crm.qa.util.TestUtil.takeScreenshotAtEndOfTest(TestUtil.java:27)
at com.crm.qa.util.WebEventListener.onException(WebEventListener.java:57)
at org.openqa.selenium.support.events.EventFiringWebDriver.lambda$new$0(EventFiringWebDriver.java:94)
at com.sun.proxy.$Proxy10.onException(Unknown Source)
at org.openqa.selenium.support.events.EventFiringWebDriver.lambda$new$1(EventFiringWebDriver.java:117)
at com.sun.proxy.$Proxy11.getScreenshotAs(Unknown Source)
at org.openqa.selenium.support.events.EventFiringWebDriver.getScreenshotAs(EventFiringWebDriver.java:312)
at com.crm.qa.util.TestUtil.takeScreenshotAtEndOfTest(TestUtil.java:27)
at com.crm.qa.util.WebEventListener.onException(WebEventListener.java:57)
at org.openqa.selenium.support.events.EventFiringWebDriver.lambda$new$0(EventFiringWebDriver.java:94)
at com.sun.proxy.$Proxy10.onException(Unknown Source)
at org.openqa.selenium.support.events.EventFiringWebDriver.lambda$new$1(EventFiringWebDriver.java:117)
at com.sun.proxy.$Proxy11.getScreenshotAs(Unknown Source)
at org.openqa.selenium.support.events.EventFiringWebDriver.getScreenshotAs(EventFiringWebDriver.java:312)
at com.crm.qa.util.TestUtil.takeScreenshotAtEndOfTest(TestUtil.java:27)
at com.crm.qa.util.WebEventListener.onException(WebEventListener.java:57)
at org.openqa.selenium.support.events.EventFiringWebDriver.lambda$new$0(EventFiringWebDriver.java:94)
at com.sun.proxy.$Proxy10.onException(Unknown Source)
at org.openqa.selenium.support.events.EventFiringWebDriver.lambda$new$1(EventFiringWebDriver.java:117)
at com.sun.proxy.$Proxy11.getScreenshotAs(Unknown Source)
at org.openqa.selenium.support.events.EventFiringWebDriver.getScreenshotAs(EventFiringWebDriver.java:312)
at com.crm.qa.util.TestUtil.takeScreenshotAtEndOfTest(TestUtil.java:27)
at com.crm.qa.util.WebEventListener.onException(WebEventListener.java:57)
at org.openqa.selenium.support.events.EventFiringWebDriver.lambda$new$0(EventFiringWebDriver.java:94)
at com.sun.proxy.$Proxy10.onException(Unknown Source)
at org.openqa.selenium.support.events.EventFiringWebDriver.lambda$new$1(EventFiringWebDriver.java:117)
at com.sun.proxy.$Proxy11.getScreenshotAs(Unknown Source)
at org.openqa.selenium.support.events.EventFiringWebDriver.getScreenshotAs(EventFiringWebDriver.java:312)
at com.crm.qa.util.TestUtil.takeScreenshotAtEndOfTest(TestUtil.java:27)
at com.crm.qa.util.WebEventListener.onException(WebEventListener.java:57)
at org.openqa.selenium.support.events.EventFiringWebDriver.lambda$new$0(EventFiringWebDriver.java:94)
at com.sun.proxy.$Proxy10.onException(Unknown Source)
at org.openqa.selenium.support.events.EventFiringWebDriver.lambda$new$1(EventFiringWebDriver.java:117)
at com.sun.proxy.$Proxy11.getScreenshotAs(Unknown Source)
at org.openqa.selenium.support.events.EventFiringWebDriver.getScreenshotAs(EventFiringWebDriver.java:312)
at com.crm.qa.util.TestUtil.takeScreenshotAtEndOfTest(TestUtil.java:27)
at com.crm.qa.util.WebEventListener.onException(WebEventListener.java:57)
at org.openqa.selenium.support.events.EventFiringWebDriver.lambda$new$0(EventFiringWebDriver.java:94)
at com.sun.proxy.$Proxy10.onException(Unknown Source)
at org.openqa.selenium.support.events.EventFiringWebDriver.lambda$new$1(EventFiringWebDriver.java:117)
at com.sun.proxy.$Proxy11.getScreenshotAs(Unknown Source)
at org.openqa.selenium.support.events.EventFiringWebDriver.getScreenshotAs(EventFiringWebDriver.java:312)
at com.crm.qa.util.TestUtil.takeScreenshotAtEndOfTest(TestUtil.java:27)
at com.crm.qa.util.WebEventListener.onException(WebEventListener.java:57)
at org.openqa.selenium.support.events.EventFiringWebDriver.lambda$new$0(EventFiringWebDriver.java:94)
at com.sun.proxy.$Proxy10.onException(Unknown Source)
at org.openqa.selenium.support.events.EventFiringWebDriver.lambda$new$1(EventFiringWebDriver.java:117)
at com.sun.proxy.$Proxy11.getScreenshotAs(Unknown Source)
at org.openqa.selenium.support.events.EventFiringWebDriver.getScreenshotAs(EventFiringWebDriver.java:312)
at com.crm.qa.util.TestUtil.takeScreenshotAtEndOfTest(TestUtil.java:27)
at com.crm.qa.util.WebEventListener.onException(WebEventListener.java:57)
at org.openqa.selenium.support.events.EventFiringWebDriver.lambda$new$0(EventFiringWebDriver.java:94)
at com.sun.proxy.$Proxy10.onException(Unknown Source)
at org.openqa.selenium.support.events.EventFiringWebDriver.lambda$new$1(EventFiringWebDriver.java:117)
at com.sun.proxy.$Proxy11.getScreenshotAs(Unknown Source)
at org.openqa.selenium.support.events.EventFiringWebDriver.getScreenshotAs(EventFiringWebDriver.java:312)
at com.crm.qa.util.TestUtil.takeScreenshotAtEndOfTest(TestUtil.java:27)
at com.crm.qa.util.WebEventListener.onException(WebEventListener.java:57)
at org.openqa.selenium.support.events.EventFiringWebDriver.lambda$new$0(EventFiringWebDriver.java:94)
at com.sun.proxy.$Proxy10.onException(Unknown Source)
at org.openqa.selenium.support.events.EventFiringWebDriver.lambda$new$1(EventFiringWebDriver.java:117)
at com.sun.proxy.$Proxy11.getScreenshotAs(Unknown Source)
at org.openqa.selenium.support.events.EventFiringWebDriver.getScreenshotAs(EventFiringWebDriver.java:312)
at com.crm.qa.util.TestUtil.takeScreenshotAtEndOfTest(TestUtil.java:27)
at com.crm.qa.util.WebEventListener.onException(WebEventListener.java:57)
at org.openqa.selenium.support.events.EventFiringWebDriver.lambda$new$0(EventFiringWebDriver.java:94)
at com.sun.proxy.$Proxy10.onException(Unknown Source)
at org.openqa.selenium.support.events.EventFiringWebDriver.lambda$new$1(EventFiringWebDriver.java:117)
at com.sun.proxy.$Proxy11.getScreenshotAs(Unknown Source)
at org.openqa.selenium.support.events.EventFiringWebDriver.getScreenshotAs(EventFiringWebDriver.java:312)
at com.crm.qa.util.TestUtil.takeScreenshotAtEndOfTest(TestUtil.java:27)
at com.crm.qa.util.WebEventListener.onException(WebEventListener.java:57)
at org.openqa.selenium.support.events.EventFiringWebDriver.lambda$new$0(EventFiringWebDriver.java:94)
at com.sun.proxy.$Proxy10.onException(Unknown Source)
at org.openqa.selenium.support.events.EventFiringWebDriver.lambda$new$1(EventFiringWebDriver.java:117)
at com.sun.proxy.$Proxy11.getScreenshotAs(Unknown Source)
at org.openqa.selenium.support.events.EventFiringWebDriver.getScreenshotAs(EventFiringWebDriver.java:312)
at com.crm.qa.util.TestUtil.takeScreenshotAtEndOfTest(TestUtil.java:27)
at com.crm.qa.util.WebEventListener.onException(WebEventListener.java:57)
at org.openqa.selenium.support.events.EventFiringWebDriver.lambda$new$0(EventFiringWebDriver.java:94)
at com.sun.proxy.$Proxy10.onException(Unknown Source)
at org.openqa.selenium.support.events.EventFiringWebDriver.lambda$new$1(EventFiringWebDriver.java:117)
at com.sun.proxy.$Proxy11.getScreenshotAs(Unknown Source)
at org.openqa.selenium.support.events.EventFiringWebDriver.getScreenshotAs(EventFiringWebDriver.java:312)
at com.crm.qa.util.TestUtil.takeScreenshotAtEndOfTest(TestUtil.java:27)
at com.crm.qa.util.WebEventListener.onException(WebEventListener.java:57)
at org.openqa.selenium.support.events.EventFiringWebDriver.lambda$new$0(EventFiringWebDriver.java:94)
at com.sun.proxy.$Proxy10.onException(Unknown Source)
at org.openqa.selenium.support.events.EventFiringWebDriver.lambda$new$1(EventFiringWebDriver.java:117)
at com.sun.proxy.$Proxy11.getScreenshotAs(Unknown Source)
at org.openqa.selenium.support.events.EventFiringWebDriver.getScreenshotAs(EventFiringWebDriver.java:312)
at com.crm.qa.util.TestUtil.takeScreenshotAtEndOfTest(TestUtil.java:27)
at com.crm.qa.util.WebEventListener.onException(WebEventListener.java:57)
at org.openqa.selenium.support.events.EventFiringWebDriver.lambda$new$0(EventFiringWebDriver.java:94)
at com.sun.proxy.$Proxy10.onException(Unknown Source)
at org.openqa.selenium.support.events.EventFiringWebDriver.lambda$new$1(EventFiringWebDriver.java:117)
at com.sun.proxy.$Proxy11.getScreenshotAs(Unknown Source)
at org.openqa.selenium.support.events.EventFiringWebDriver.getScreenshotAs(EventFiringWebDriver.java:312)
at com.crm.qa.util.TestUtil.takeScreenshotAtEndOfTest(TestUtil.java:27)
at com.crm.qa.util.WebEventListener.onException(WebEventListener.java:57)
at org.openqa.selenium.support.events.EventFiringWebDriver.lambda$new$0(EventFiringWebDriver.java:94)
at com.sun.proxy.$Proxy10.onException(Unknown Source)
at org.openqa.selenium.support.events.EventFiringWebDriver.lambda$new$1(EventFiringWebDriver.java:117)
at com.sun.proxy.$Proxy11.getScreenshotAs(Unknown Source)
at org.openqa.selenium.support.events.EventFiringWebDriver.getScreenshotAs(EventFiringWebDriver.java:312)
at com.crm.qa.util.TestUtil.takeScreenshotAtEndOfTest(TestUtil.java:27)
at com.crm.qa.util.WebEventListener.onException(WebEventListener.java:57)
at org.openqa.selenium.support.events.EventFiringWebDriver.lambda$new$0(EventFiringWebDriver.java:94)
at com.sun.proxy.$Proxy10.onException(Unknown Source)
at org.openqa.selenium.support.events.EventFiringWebDriver.lambda$new$1(EventFiringWebDriver.java:117)
at com.sun.proxy.$Proxy11.getScreenshotAs(Unknown Source)
at org.openqa.selenium.support.events.EventFiringWebDriver.getScreenshotAs(EventFiringWebDriver.java:312)
at com.crm.qa.util.TestUtil.takeScreenshotAtEndOfTest(TestUtil.java:27)
at com.crm.qa.util.WebEventListener.onException(WebEventListener.java:57)
at org.openqa.selenium.support.events.EventFiringWebDriver.lambda$new$0(EventFiringWebDriver.java:94)
at com.sun.proxy.$Proxy10.onException(Unknown Source)
at org.openqa.selenium.support.events.EventFiringWebDriver.lambda$new$1(EventFiringWebDriver.java:117)
at com.sun.proxy.$Proxy11.getScreenshotAs(Unknown Source)
at org.openqa.selenium.support.events.EventFiringWebDriver.getScreenshotAs(EventFiringWebDriver.java:312)
at com.crm.qa.util.TestUtil.takeScreenshotAtEndOfTest(TestUtil.java:27)
at com.crm.qa.util.WebEventListener.onException(WebEventListener.java:57)
at org.openqa.selenium.support.events.EventFiringWebDriver.lambda$new$0(EventFiringWebDriver.java:94)
at com.sun.proxy.$Proxy10.onException(Unknown Source)
at org.openqa.selenium.support.events.EventFiringWebDriver.lambda$new$1(EventFiringWebDriver.java:117)
at com.sun.proxy.$Proxy11.getScreenshotAs(Unknown Source)
at org.openqa.selenium.support.events.EventFiringWebDriver.getScreenshotAs(EventFiringWebDriver.java:312)
at com.crm.qa.util.TestUtil.takeScreenshotAtEndOfTest(TestUtil.java:27)
at com.crm.qa.util.WebEventListener.onException(WebEventListener.java:57)
at org.openqa.selenium.support.events.EventFiringWebDriver.lambda$new$0(EventFiringWebDriver.java:94)
at com.sun.proxy.$Proxy10.onException(Unknown Source)
at org.openqa.selenium.support.events.EventFiringWebDriver.lambda$new$1(EventFiringWebDriver.java:117)
at com.sun.proxy.$Proxy11.getScreenshotAs(Unknown Source)
at org.openqa.selenium.support.events.EventFiringWebDriver.getScreenshotAs(EventFiringWebDriver.java:312)
at com.crm.qa.util.TestUtil.takeScreenshotAtEndOfTest(TestUtil.java:27)
at com.crm.qa.util.WebEventListener.onException(WebEventListener.java:57)
at org.openqa.selenium.support.events.EventFiringWebDriver.lambda$new$0(EventFiringWebDriver.java:94)
at com.sun.proxy.$Proxy10.onException(Unknown Source)
at org.openqa.selenium.support.events.EventFiringWebDriver.lambda$new$1(EventFiringWebDriver.java:117)
at com.sun.proxy.$Proxy11.getScreenshotAs(Unknown Source)
at org.openqa.selenium.support.events.EventFiringWebDriver.getScreenshotAs(EventFiringWebDriver.java:312)
at com.crm.qa.util.TestUtil.takeScreenshotAtEndOfTest(TestUtil.java:27)
at com.crm.qa.util.WebEventListener.onException(WebEventListener.java:57)
at org.openqa.selenium.support.events.EventFiringWebDriver.lambda$new$0(EventFiringWebDriver.java:94)
at com.sun.proxy.$Proxy10.onException(Unknown Source)
at org.openqa.selenium.support.events.EventFiringWebDriver.lambda$new$1(EventFiringWebDriver.java:117)
at com.sun.proxy.$Proxy11.getScreenshotAs(Unknown Source)
at org.openqa.selenium.support.events.EventFiringWebDriver.getScreenshotAs(EventFiringWebDriver.java:312)
at com.crm.qa.util.TestUtil.takeScreenshotAtEndOfTest(TestUtil.java:27)
at com.crm.qa.util.WebEventListener.onException(WebEventListener.java:57)
at org.openqa.selenium.support.events.EventFiringWebDriver.lambda$new$0(EventFiringWebDriver.java:94)
at com.sun.proxy.$Proxy10.onException(Unknown Source)
at org.openqa.selenium.support.events.EventFiringWebDriver.lambda$new$1(EventFiringWebDriver.java:117)
at com.sun.proxy.$Proxy11.getScreenshotAs(Unknown Source)
at org.openqa.selenium.support.events.EventFiringWebDriver.getScreenshotAs(EventFiringWebDriver.java:312)
at com.crm.qa.util.TestUtil.takeScreenshotAtEndOfTest(TestUtil.java:27)
at com.crm.qa.util.WebEventListener.onException(WebEventListener.java:57)
at org.openqa.selenium.support.events.EventFiringWebDriver.lambda$new$0(EventFiringWebDriver.java:94)
at com.sun.proxy.$Proxy10.onException(Unknown Source)
at org.openqa.selenium.support.events.EventFiringWebDriver.lambda$new$1(EventFiringWebDriver.java:117)
at com.sun.proxy.$Proxy11.getScreenshotAs(Unknown Source)
at org.openqa.selenium.support.events.EventFiringWebDriver.getScreenshotAs(EventFiringWebDriver.java:312)
at com.crm.qa.util.TestUtil.takeScreenshotAtEndOfTest(TestUtil.java:27)
at com.crm.qa.util.WebEventListener.onException(WebEventListener.java:57)
at org.openqa.selenium.support.events.EventFiringWebDriver.lambda$new$0(EventFiringWebDriver.java:94)
at com.sun.proxy.$Proxy10.onException(Unknown Source)
at org.openqa.selenium.support.events.EventFiringWebDriver.lambda$new$1(EventFiringWebDriver.java:117)
at com.sun.proxy.$Proxy11.getScreenshotAs(Unknown Source)
at org.openqa.selenium.support.events.EventFiringWebDriver.getScreenshotAs(EventFiringWebDriver.java:312)
at com.crm.qa.util.TestUtil.takeScreenshotAtEndOfTest(TestUtil.java:27)
at com.crm.qa.util.WebEventListener.onException(WebEventListener.java:57)
at org.openqa.selenium.support.events.EventFiringWebDriver.lambda$new$0(EventFiringWebDriver.java:94)
at com.sun.proxy.$Proxy10.onException(Unknown Source)
at org.openqa.selenium.support.events.EventFiringWebDriver.lambda$new$1(EventFiringWebDriver.java:117)
at com.sun.proxy.$Proxy11.getScreenshotAs(Unknown Source)
at org.openqa.selenium.support.events.EventFiringWebDriver.getScreenshotAs(EventFiringWebDriver.java:312)
at com.crm.qa.util.TestUtil.takeScreenshotAtEndOfTest(TestUtil.java:27)
at com.crm.qa.util.WebEventListener.onException(WebEventListener.java:57)
at org.openqa.selenium.support.events.EventFiringWebDriver.lambda$new$0(EventFiringWebDriver.java:94)
at com.sun.proxy.$Proxy10.onException(Unknown Source)
at org.openqa.selenium.support.events.EventFiringWebDriver.lambda$new$1(EventFiringWebDriver.java:117)
at com.sun.proxy.$Proxy11.getScreenshotAs(Unknown Source)
at org.openqa.selenium.support.events.EventFiringWebDriver.getScreenshotAs(EventFiringWebDriver.java:312)
at com.crm.qa.util.TestUtil.takeScreenshotAtEndOfTest(TestUtil.java:27)
at com.crm.qa.util.WebEventListener.onException(WebEventListener.java:57)
at org.openqa.selenium.support.events.EventFiringWebDriver.lambda$new$0(EventFiringWebDriver.java:94)
at com.sun.proxy.$Proxy10.onException(Unknown Source)
at org.openqa.selenium.support.events.EventFiringWebDriver.lambda$new$1(EventFiringWebDriver.java:117)
at com.sun.proxy.$Proxy11.getScreenshotAs(Unknown Source)
at org.openqa.selenium.support.events.EventFiringWebDriver.getScreenshotAs(EventFiringWebDriver.java:312)
at com.crm.qa.util.TestUtil.takeScreenshotAtEndOfTest(TestUtil.java:27)
at com.crm.qa.util.WebEventListener.onException(WebEventListener.java:57)
at org.openqa.selenium.support.events.EventFiringWebDriver.lambda$new$0(EventFiringWebDriver.java:94)
at com.sun.proxy.$Proxy10.onException(Unknown Source)
at org.openqa.selenium.support.events.EventFiringWebDriver.lambda$new$1(EventFiringWebDriver.java:117)
at com.sun.proxy.$Proxy11.getScreenshotAs(Unknown Source)
at org.openqa.selenium.support.events.EventFiringWebDriver.getScreenshotAs(EventFiringWebDriver.java:312)
at com.crm.qa.util.TestUtil.takeScreenshotAtEndOfTest(TestUtil.java:27)
at com.crm.qa.util.WebEventListener.onException(WebEventListener.java:57)
at org.openqa.selenium.support.events.EventFiringWebDriver.lambda$new$0(EventFiringWebDriver.java:94)
at com.sun.proxy.$Proxy10.onException(Unknown Source)
at org.openqa.selenium.support.events.EventFiringWebDriver.lambda$new$1(EventFiringWebDriver.java:117)
at com.sun.proxy.$Proxy11.getScreenshotAs(Unknown Source)
at org.openqa.selenium.support.events.EventFiringWebDriver.getScreenshotAs(EventFiringWebDriver.java:312)
at com.crm.qa.util.TestUtil.takeScreenshotAtEndOfTest(TestUtil.java:27)
at com.crm.qa.util.WebEventListener.onException(WebEventListener.java:57)
at org.openqa.selenium.support.events.EventFiringWebDriver.lambda$new$0(EventFiringWebDriver.java:94)
at com.sun.proxy.$Proxy10.onException(Unknown Source)
at org.openqa.selenium.support.events.EventFiringWebDriver.lambda$new$1(EventFiringWebDriver.java:117)
at com.sun.proxy.$Proxy11.getScreenshotAs(Unknown Source)
at org.openqa.selenium.support.events.EventFiringWebDriver.getScreenshotAs(EventFiringWebDriver.java:312)
at com.crm.qa.util.TestUtil.takeScreenshotAtEndOfTest(TestUtil.java:27)
at com.crm.qa.util.WebEventListener.onException(WebEventListener.java:57)
at org.openqa.selenium.support.events.EventFiringWebDriver.lambda$new$0(EventFiringWebDriver.java:94)
at com.sun.proxy.$Proxy10.onException(Unknown Source)
at org.openqa.selenium.support.events.EventFiringWebDriver.lambda$new$1(EventFiringWebDriver.java:117)
at com.sun.proxy.$Proxy11.getScreenshotAs(Unknown Source)
at org.openqa.selenium.support.events.EventFiringWebDriver.getScreenshotAs(EventFiringWebDriver.java:312)
at com.crm.qa.util.TestUtil.takeScreenshotAtEndOfTest(TestUtil.java:27)
at com.crm.qa.util.WebEventListener.onException(WebEventListener.java:57)
at org.openqa.selenium.support.events.EventFiringWebDriver.lambda$new$0(EventFiringWebDriver.java:94)
at com.sun.proxy.$Proxy10.onException(Unknown Source)
at org.openqa.selenium.support.events.EventFiringWebDriver.lambda$new$1(EventFiringWebDriver.java:117)
at com.sun.proxy.$Proxy11.getScreenshotAs(Unknown Source)
at org.openqa.selenium.support.events.EventFiringWebDriver.getScreenshotAs(EventFiringWebDriver.java:312)
at com.crm.qa.util.TestUtil.takeScreenshotAtEndOfTest(TestUtil.java:27)
at com.crm.qa.util.WebEventListener.onException(WebEventListener.java:57)
at org.openqa.selenium.support.events.EventFiringWebDriver.lambda$new$0(EventFiringWebDriver.java:94)
at com.sun.proxy.$Proxy10.onException(Unknown Source)
at org.openqa.selenium.support.events.EventFiringWebDriver.lambda$new$1(EventFiringWebDriver.java:117)
at com.sun.proxy.$Proxy11.getScreenshotAs(Unknown Source)
at org.openqa.selenium.support.events.EventFiringWebDriver.getScreenshotAs(EventFiringWebDriver.java:312)
at com.crm.qa.util.TestUtil.takeScreenshotAtEndOfTest(TestUtil.java:27)
at com.crm.qa.util.WebEventListener.onException(WebEventListener.java:57)
at org.openqa.selenium.support.events.EventFiringWebDriver.lambda$new$0(EventFiringWebDriver.java:94)
at com.sun.proxy.$Proxy10.onException(Unknown Source)
at org.openqa.selenium.support.events.EventFiringWebDriver.lambda$new$1(EventFiringWebDriver.java:117)
at com.sun.proxy.$Proxy11.getScreenshotAs(Unknown Source)
at org.openqa.selenium.support.events.EventFiringWebDriver.getScreenshotAs(EventFiringWebDriver.java:312)
at com.crm.qa.util.TestUtil.takeScreenshotAtEndOfTest(TestUtil.java:27)
at com.crm.qa.util.WebEventListener.onException(WebEventListener.java:57)
at org.openqa.selenium.support.events.EventFiringWebDriver.lambda$new$0(EventFiringWebDriver.java:94)
at com.sun.proxy.$Proxy10.onException(Unknown Source)
at org.openqa.selenium.support.events.EventFiringWebDriver.lambda$new$1(EventFiringWebDriver.java:117)
at com.sun.proxy.$Proxy11.getScreenshotAs(Unknown Source)
at org.openqa.selenium.support.events.EventFiringWebDriver.getScreenshotAs(EventFiringWebDriver.java:312)
at com.crm.qa.util.TestUtil.takeScreenshotAtEndOfTest(TestUtil.java:27)
at com.crm.qa.util.WebEventListener.onException(WebEventListener.java:57)
at org.openqa.selenium.support.events.EventFiringWebDriver.lambda$new$0(EventFiringWebDriver.java:94)
at com.sun.proxy.$Proxy10.onException(Unknown Source)
at org.openqa.selenium.support.events.EventFiringWebDriver.lambda$new$1(EventFiringWebDriver.java:117)
at com.sun.proxy.$Proxy11.getScreenshotAs(Unknown Source)
at org.openqa.selenium.support.events.EventFiringWebDriver.getScreenshotAs(EventFiringWebDriver.java:312)
at com.crm.qa.util.TestUtil.takeScreenshotAtEndOfTest(TestUtil.java:27)
at com.crm.qa.util.WebEventListener.onException(WebEventListener.java:57)
at org.openqa.selenium.support.events.EventFiringWebDriver.lambda$new$0(EventFiringWebDriver.java:94)
at com.sun.proxy.$Proxy10.onException(Unknown Source)
at org.openqa.selenium.support.events.EventFiringWebDriver.lambda$new$1(EventFiringWebDriver.java:117)
at com.sun.proxy.$Proxy11.getScreenshotAs(Unknown Source)
at org.openqa.selenium.support.events.EventFiringWebDriver.getScreenshotAs(EventFiringWebDriver.java:312)
at com.crm.qa.util.TestUtil.takeScreenshotAtEndOfTest(TestUtil.java:27)
at com.crm.qa.util.WebEventListener.onException(WebEventListener.java:57)
at org.openqa.selenium.support.events.EventFiringWebDriver.lambda$new$0(EventFiringWebDriver.java:94)
at com.sun.proxy.$Proxy10.onException(Unknown Source)
at org.openqa.selenium.support.events.EventFiringWebDriver.lambda$new$1(EventFiringWebDriver.java:117)
at com.sun.proxy.$Proxy11.getScreenshotAs(Unknown Source)
at org.openqa.selenium.support.events.EventFiringWebDriver.getScreenshotAs(EventFiringWebDriver.java:312)
at com.crm.qa.util.TestUtil.takeScreenshotAtEndOfTest(TestUtil.java:27)
at com.crm.qa.util.WebEventListener.onException(WebEventListener.java:57)
at org.openqa.selenium.support.events.EventFiringWebDriver.lambda$new$0(EventFiringWebDriver.java:94)
at com.sun.proxy.$Proxy10.onException(Unknown Source)
at org.openqa.selenium.support.events.EventFiringWebDriver.lambda$new$1(EventFiringWebDriver.java:117)
at com.sun.proxy.$Proxy11.getScreenshotAs(Unknown Source)
at org.openqa.selenium.support.events.EventFiringWebDriver.getScreenshotAs(EventFiringWebDriver.java:312)
at com.crm.qa.util.TestUtil.takeScreenshotAtEndOfTest(TestUtil.java:27)
at com.crm.qa.util.WebEventListener.onException(WebEventListener.java:57)
at org.openqa.selenium.support.events.EventFiringWebDriver.lambda$new$0(EventFiringWebDriver.java:94)
at com.sun.proxy.$Proxy10.onException(Unknown Source)
at org.openqa.selenium.support.events.EventFiringWebDriver.lambda$new$1(EventFiringWebDriver.java:117)
at com.sun.proxy.$Proxy11.getScreenshotAs(Unknown Source)
at org.openqa.selenium.support.events.EventFiringWebDriver.getScreenshotAs(EventFiringWebDriver.java:312)
at com.crm.qa.util.TestUtil.takeScreenshotAtEndOfTest(TestUtil.java:27)
at com.crm.qa.util.WebEventListener.onException(WebEventListener.java:57)
at org.openqa.selenium.support.events.EventFiringWebDriver.lambda$new$0(EventFiringWebDriver.java:94)
at com.sun.proxy.$Proxy10.onException(Unknown Source)
at org.openqa.selenium.support.events.EventFiringWebDriver.lambda$new$1(EventFiringWebDriver.java:117)
at com.sun.proxy.$Proxy11.getScreenshotAs(Unknown Source)
at org.openqa.selenium.support.events.EventFiringWebDriver.getScreenshotAs(EventFiringWebDriver.java:312)
at com.crm.qa.util.TestUtil.takeScreenshotAtEndOfTest(TestUtil.java:27)
at com.crm.qa.util.WebEventListener.onException(WebEventListener.java:57)
at org.openqa.selenium.support.events.EventFiringWebDriver.lambda$new$0(EventFiringWebDriver.java:94)
at com.sun.proxy.$Proxy10.onException(Unknown Source)
at org.openqa.selenium.support.events.EventFiringWebDriver.lambda$new$1(EventFiringWebDriver.java:117)
at com.sun.proxy.$Proxy11.getScreenshotAs(Unknown Source)
at org.openqa.selenium.support.events.EventFiringWebDriver.getScreenshotAs(EventFiringWebDriver.java:312)
at com.crm.qa.util.TestUtil.takeScreenshotAtEndOfTest(TestUtil.java:27)
at com.crm.qa.util.WebEventListener.onException(WebEventListener.java:57)
at org.openqa.selenium.support.events.EventFiringWebDriver.lambda$new$0(EventFiringWebDriver.java:94)
at com.sun.proxy.$Proxy10.onException(Unknown Source)
at org.openqa.selenium.support.events.EventFiringWebDriver.lambda$new$1(EventFiringWebDriver.java:117)
at com.sun.proxy.$Proxy11.getScreenshotAs(Unknown Source)
at org.openqa.selenium.support.events.EventFiringWebDriver.getScreenshotAs(EventFiringWebDriver.java:312)
at com.crm.qa.util.TestUtil.takeScreenshotAtEndOfTest(TestUtil.java:27)
at com.crm.qa.util.WebEventListener.onException(WebEventListener.java:57)
at org.openqa.selenium.support.events.EventFiringWebDriver.lambda$new$0(EventFiringWebDriver.java:94)
at com.sun.proxy.$Proxy10.onException(Unknown Source)
at org.openqa.selenium.support.events.EventFiringWebDriver.lambda$new$1(EventFiringWebDriver.java:117)
at com.sun.proxy.$Proxy11.getScreenshotAs(Unknown Source)
at org.openqa.selenium.support.events.EventFiringWebDriver.getScreenshotAs(EventFiringWebDriver.java:312)
at com.crm.qa.util.TestUtil.takeScreenshotAtEndOfTest(TestUtil.java:27)
at com.crm.qa.util.WebEventListener.onException(WebEventListener.java:57)
at org.openqa.selenium.support.events.EventFiringWebDriver.lambda$new$0(EventFiringWebDriver.java:94)
at com.sun.proxy.$Proxy10.onException(Unknown Source)
at org.openqa.selenium.support.events.EventFiringWebDriver.lambda$new$1(EventFiringWebDriver.java:117)
at com.sun.proxy.$Proxy11.getScreenshotAs(Unknown Source)
at org.openqa.selenium.support.events.EventFiringWebDriver.getScreenshotAs(EventFiringWebDriver.java:312)
at com.crm.qa.util.TestUtil.takeScreenshotAtEndOfTest(TestUtil.java:27)
at com.crm.qa.util.WebEventListener.onException(WebEventListener.java:57)
at org.openqa.selenium.support.events.EventFiringWebDriver.lambda$new$0(EventFiringWebDriver.java:94)
at com.sun.proxy.$Proxy10.onException(Unknown Source)
at org.openqa.selenium.support.events.EventFiringWebDriver.lambda$new$1(EventFiringWebDriver.java:117)
at com.sun.proxy.$Proxy11.getScreenshotAs(Unknown Source)
at org.openqa.selenium.support.events.EventFiringWebDriver.getScreenshotAs(EventFiringWebDriver.java:312)
at com.crm.qa.util.TestUtil.takeScreenshotAtEndOfTest(TestUtil.java:27)
at com.crm.qa.util.WebEventListener.onException(WebEventListener.java:57)
at org.openqa.selenium.support.events.EventFiringWebDriver.lambda$new$0(EventFiringWebDriver.java:94)
at com.sun.proxy.$Proxy10.onException(Unknown Source)
at org.openqa.selenium.support.events.EventFiringWebDriver.lambda$new$1(EventFiringWebDriver.java:117)
at com.sun.proxy.$Proxy11.getScreenshotAs(Unknown Source)
at org.openqa.selenium.support.events.EventFiringWebDriver.getScreenshotAs(EventFiringWebDriver.java:312)
at com.crm.qa.util.TestUtil.takeScreenshotAtEndOfTest(TestUtil.java:27)
at com.crm.qa.util.WebEventListener.onException(WebEventListener.java:57)
at org.openqa.selenium.support.events.EventFiringWebDriver.lambda$new$0(EventFiringWebDriver.java:94)
at com.sun.proxy.$Proxy10.onException(Unknown Source)
at org.openqa.selenium.support.events.EventFiringWebDriver.lambda$new$1(EventFiringWebDriver.java:117)
at com.sun.proxy.$Proxy11.getScreenshotAs(Unknown Source)
at org.openqa.selenium.support.events.EventFiringWebDriver.getScreenshotAs(EventFiringWebDriver.java:312)
at com.crm.qa.util.TestUtil.takeScreenshotAtEndOfTest(TestUtil.java:27)
at com.crm.qa.util.WebEventListener.onException(WebEventListener.java:57)
at org.openqa.selenium.support.events.EventFiringWebDriver.lambda$new$0(EventFiringWebDriver.java:94)
at com.sun.proxy.$Proxy10.onException(Unknown Source)
at org.openqa.selenium.support.events.EventFiringWebDriver.lambda$new$1(EventFiringWebDriver.java:117)
at com.sun.proxy.$Proxy11.getScreenshotAs(Unknown Source)
at org.openqa.selenium.support.events.EventFiringWebDriver.getScreenshotAs(EventFiringWebDriver.java:312)
at com.crm.qa.util.TestUtil.takeScreenshotAtEndOfTest(TestUtil.java:27)
at com.crm.qa.util.WebEventListener.onException(WebEventListener.java:57)
at org.openqa.selenium.support.events.EventFiringWebDriver.lambda$new$0(EventFiringWebDriver.java:94)
at com.sun.proxy.$Proxy10.onException(Unknown Source)
at org.openqa.selenium.support.events.EventFiringWebDriver.lambda$new$1(EventFiringWebDriver.java:117)
at com.sun.proxy.$Proxy11.getScreenshotAs(Unknown Source)
at org.openqa.selenium.support.events.EventFiringWebDriver.getScreenshotAs(EventFiringWebDriver.java:312)
at com.crm.qa.util.TestUtil.takeScreenshotAtEndOfTest(TestUtil.java:27)
at com.crm.qa.util.WebEventListener.onException(WebEventListener.java:57)
at org.openqa.selenium.support.events.EventFiringWebDriver.lambda$new$0(EventFiringWebDriver.java:94)
at com.sun.proxy.$Proxy10.onException(Unknown Source)
at org.openqa.selenium.support.events.EventFiringWebDriver.lambda$new$1(EventFiringWebDriver.java:117)
at com.sun.proxy.$Proxy11.getScreenshotAs(Unknown Source)
at org.openqa.selenium.support.events.EventFiringWebDriver.getScreenshotAs(EventFiringWebDriver.java:312)
at com.crm.qa.util.TestUtil.takeScreenshotAtEndOfTest(TestUtil.java:27)
at com.crm.qa.util.WebEventListener.onException(WebEventListener.java:57)
at org.openqa.selenium.support.events.EventFiringWebDriver.lambda$new$0(EventFiringWebDriver.java:94)
at com.sun.proxy.$Proxy10.onException(Unknown Source)
at org.openqa.selenium.support.events.EventFiringWebDriver.lambda$new$1(EventFiringWebDriver.java:117)
at com.sun.proxy.$Proxy11.getScreenshotAs(Unknown Source)
at org.openqa.selenium.support.events.EventFiringWebDriver.getScreenshotAs(EventFiringWebDriver.java:312)
at com.crm.qa.util.TestUtil.takeScreenshotAtEndOfTest(TestUtil.java:27)
at com.crm.qa.util.WebEventListener.onException(WebEventListener.java:57)
at org.openqa.selenium.support.events.EventFiringWebDriver.lambda$new$0(EventFiringWebDriver.java:94)
at com.sun.proxy.$Proxy10.onException(Unknown Source)
at org.openqa.selenium.support.events.EventFiringWebDriver.lambda$new$1(EventFiringWebDriver.java:117)
at com.sun.proxy.$Proxy11.getScreenshotAs(Unknown Source)
at org.openqa.selenium.support.events.EventFiringWebDriver.getScreenshotAs(EventFiringWebDriver.java:312)
at com.crm.qa.util.TestUtil.takeScreenshotAtEndOfTest(TestUtil.java:27)
at com.crm.qa.util.WebEventListener.onException(WebEventListener.java:57)
at org.openqa.selenium.support.events.EventFiringWebDriver.lambda$new$0(EventFiringWebDriver.java:94)
at com.sun.proxy.$Proxy10.onException(Unknown Source)
at org.openqa.selenium.support.events.EventFiringWebDriver.lambda$new$1(EventFiringWebDriver.java:117)
at com.sun.proxy.$Proxy11.getScreenshotAs(Unknown Source)
at org.openqa.selenium.support.events.EventFiringWebDriver.getScreenshotAs(EventFiringWebDriver.java:312)
at com.crm.qa.util.TestUtil.takeScreenshotAtEndOfTest(TestUtil.java:27)
at com.crm.qa.util.WebEventListener.onException(WebEventListener.java:57)
at org.openqa.selenium.support.events.EventFiringWebDriver.lambda$new$0(EventFiringWebDriver.java:94)
at com.sun.proxy.$Proxy10.onException(Unknown Source)
at org.openqa.selenium.support.events.EventFiringWebDriver.lambda$new$1(EventFiringWebDriver.java:117)
at com.sun.proxy.$Proxy11.getScreenshotAs(Unknown Source)
at org.openqa.selenium.support.events.EventFiringWebDriver.getScreenshotAs(EventFiringWebDriver.java:312)
at com.crm.qa.util.TestUtil.takeScreenshotAtEndOfTest(TestUtil.java:27)
at com.crm.qa.util.WebEventListener.onException(WebEventListener.java:57)
at org.openqa.selenium.support.events.EventFiringWebDriver.lambda$new$0(EventFiringWebDriver.java:94)
at com.sun.proxy.$Proxy10.onException(Unknown Source)
at org.openqa.selenium.support.events.EventFiringWebDriver.lambda$new$1(EventFiringWebDriver.java:117)
at com.sun.proxy.$Proxy11.getScreenshotAs(Unknown Source)
at org.openqa.selenium.support.events.EventFiringWebDriver.getScreenshotAs(EventFiringWebDriver.java:312)
at com.crm.qa.util.TestUtil.takeScreenshotAtEndOfTest(TestUtil.java:27)
at com.crm.qa.util.WebEventListener.onException(WebEventListener.java:57)
at org.openqa.selenium.support.events.EventFiringWebDriver.lambda$new$0(EventFiringWebDriver.java:94)
at com.sun.proxy.$Proxy10.onException(Unknown Source)
at org.openqa.selenium.support.events.EventFiringWebDriver.lambda$new$1(EventFiringWebDriver.java:117)
at com.sun.proxy.$Proxy11.getScreenshotAs(Unknown Source)
at org.openqa.selenium.support.events.EventFiringWebDriver.getScreenshotAs(EventFiringWebDriver.java:312)
at com.crm.qa.util.TestUtil.takeScreenshotAtEndOfTest(TestUtil.java:27)
at com.crm.qa.util.WebEventListener.onException(WebEventListener.java:57)
at org.openqa.selenium.support.events.EventFiringWebDriver.lambda$new$0(EventFiringWebDriver.java:94)
at com.sun.proxy.$Proxy10.onException(Unknown Source)
at org.openqa.selenium.support.events.EventFiringWebDriver.lambda$new$1(EventFiringWebDriver.java:117)
at com.sun.proxy.$Proxy11.getScreenshotAs(Unknown Source)
at org.openqa.selenium.support.events.EventFiringWebDriver.getScreenshotAs(EventFiringWebDriver.java:312)
at com.crm.qa.util.TestUtil.takeScreenshotAtEndOfTest(TestUtil.java:27)
at com.crm.qa.util.WebEventListener.onException(WebEventListener.java:57)
at org.openqa.selenium.support.events.EventFiringWebDriver.lambda$new$0(EventFiringWebDriver.java:94)
at com.sun.proxy.$Proxy10.onException(Unknown Source)
at org.openqa.selenium.support.events.EventFiringWebDriver.lambda$new$1(EventFiringWebDriver.java:117)
at com.sun.proxy.$Proxy11.getScreenshotAs(Unknown Source)
at org.openqa.selenium.support.events.EventFiringWebDriver.getScreenshotAs(EventFiringWebDriver.java:312)
at com.crm.qa.util.TestUtil.takeScreenshotAtEndOfTest(TestUtil.java:27)
at com.crm.qa.util.WebEventListener.onException(WebEventListener.java:57)
at org.openqa.selenium.support.events.EventFiringWebDriver.lambda$new$0(EventFiringWebDriver.java:94)
at com.sun.proxy.$Proxy10.onException(Unknown Source)
at org.openqa.selenium.support.events.EventFiringWebDriver.lambda$new$1(EventFiringWebDriver.java:117)
at com.sun.proxy.$Proxy11.getScreenshotAs(Unknown Source)
at org.openqa.selenium.support.events.EventFiringWebDriver.getScreenshotAs(EventFiringWebDriver.java:312)
at com.crm.qa.util.TestUtil.takeScreenshotAtEndOfTest(TestUtil.java:27)
at com.crm.qa.util.WebEventListener.onException(WebEventListener.java:57)
at org.openqa.selenium.support.events.EventFiringWebDriver.lambda$new$0(EventFiringWebDriver.java:94)
at com.sun.proxy.$Proxy10.onException(Unknown Source)
at org.openqa.selenium.support.events.EventFiringWebDriver.lambda$new$1(EventFiringWebDriver.java:117)
at com.sun.proxy.$Proxy11.getScreenshotAs(Unknown Source)
at org.openqa.selenium.support.events.EventFiringWebDriver.getScreenshotAs(EventFiringWebDriver.java:312)
at com.crm.qa.util.TestUtil.takeScreenshotAtEndOfTest(TestUtil.java:27)
at com.crm.qa.util.WebEventListener.onException(WebEventListener.java:57)
at org.openqa.selenium.support.events.EventFiringWebDriver.lambda$new$0(EventFiringWebDriver.java:94)
at com.sun.proxy.$Proxy10.onException(Unknown Source)
at org.openqa.selenium.support.events.EventFiringWebDriver.lambda$new$1(EventFiringWebDriver.java:117)
at com.sun.proxy.$Proxy11.getScreenshotAs(Unknown Source)
at org.openqa.selenium.support.events.EventFiringWebDriver.getScreenshotAs(EventFiringWebDriver.java:312)
at com.crm.qa.util.TestUtil.takeScreenshotAtEndOfTest(TestUtil.java:27)
at com.crm.qa.util.WebEventListener.onException(WebEventListener.java:57)
at org.openqa.selenium.support.events.EventFiringWebDriver.lambda$new$0(EventFiringWebDriver.java:94)
at com.sun.proxy.$Proxy10.onException(Unknown Source)
at org.openqa.selenium.support.events.EventFiringWebDriver.lambda$new$1(EventFiringWebDriver.java:117)
at com.sun.proxy.$Proxy11.getScreenshotAs(Unknown Source)
at org.openqa.selenium.support.events.EventFiringWebDriver.getScreenshotAs(EventFiringWebDriver.java:312)
at com.crm.qa.util.TestUtil.takeScreenshotAtEndOfTest(TestUtil.java:27)
at com.crm.qa.util.WebEventListener.onException(WebEventListener.java:57)
at org.openqa.selenium.support.events.EventFiringWebDriver.lambda$new$0(EventFiringWebDriver.java:94)
at com.sun.proxy.$Proxy10.onException(Unknown Source)
at org.openqa.selenium.support.events.EventFiringWebDriver.lambda$new$1(EventFiringWebDriver.java:117)
at com.sun.proxy.$Proxy11.getScreenshotAs(Unknown Source)
at org.openqa.selenium.support.events.EventFiringWebDriver.getScreenshotAs(EventFiringWebDriver.java:312)
at com.crm.qa.util.TestUtil.takeScreenshotAtEndOfTest(TestUtil.java:27)
at com.crm.qa.util.WebEventListener.onException(WebEventListener.java:57)
at org.openqa.selenium.support.events.EventFiringWebDriver.lambda$new$0(EventFiringWebDriver.java:94)
at com.sun.proxy.$Proxy10.onException(Unknown Source)
at org.openqa.selenium.support.events.EventFiringWebDriver.lambda$new$1(EventFiringWebDriver.java:117)
at com.sun.proxy.$Proxy11.getScreenshotAs(Unknown Source)
at org.openqa.selenium.support.events.EventFiringWebDriver.getScreenshotAs(EventFiringWebDriver.java:312)
at com.crm.qa.util.TestUtil.takeScreenshotAtEndOfTest(TestUtil.java:27)
at com.crm.qa.util.WebEventListener.onException(WebEventListener.java:57)
at org.openqa.selenium.support.events.EventFiringWebDriver.lambda$new$0(EventFiringWebDriver.java:94)
at com.sun.proxy.$Proxy10.onException(Unknown Source)
at org.openqa.selenium.support.events.EventFiringWebDriver.lambda$new$1(EventFiringWebDriver.java:117)
at com.sun.proxy.$Proxy11.getScreenshotAs(Unknown Source)
at org.openqa.selenium.support.events.EventFiringWebDriver.getScreenshotAs(EventFiringWebDriver.java:312)
at com.crm.qa.util.TestUtil.takeScreenshotAtEndOfTest(TestUtil.java:27)
at com.crm.qa.util.WebEventListener.onException(WebEventListener.java:57)
at org.openqa.selenium.support.events.EventFiringWebDriver.lambda$new$0(EventFiringWebDriver.java:94)
at com.sun.proxy.$Proxy10.onException(Unknown Source)
at org.openqa.selenium.support.events.EventFiringWebDriver.lambda$new$1(EventFiringWebDriver.java:117)
at com.sun.proxy.$Proxy11.getScreenshotAs(Unknown Source)
at org.openqa.selenium.support.events.EventFiringWebDriver.getScreenshotAs(EventFiringWebDriver.java:312)
at com.crm.qa.util.TestUtil.takeScreenshotAtEndOfTest(TestUtil.java:27)
at com.crm.qa.util.WebEventListener.onException(WebEventListener.java:57)
at org.openqa.selenium.support.events.EventFiringWebDriver.lambda$new$0(EventFiringWebDriver.java:94)
at com.sun.proxy.$Proxy10.onException(Unknown Source)
at org.openqa.selenium.support.events.EventFiringWebDriver.lambda$new$1(EventFiringWebDriver.java:117)
at com.sun.proxy.$Proxy11.getScreenshotAs(Unknown Source)
at org.openqa.selenium.support.events.EventFiringWebDriver.getScreenshotAs(EventFiringWebDriver.java:312)
at com.crm.qa.util.TestUtil.takeScreenshotAtEndOfTest(TestUtil.java:27)
at com.crm.qa.util.WebEventListener.onException(WebEventListener.java:57)
at org.openqa.selenium.support.events.EventFiringWebDriver.lambda$new$0(EventFiringWebDriver.java:94)
at com.sun.proxy.$Proxy10.onException(Unknown Source)
at org.openqa.selenium.support.events.EventFiringWebDriver.lambda$new$1(EventFiringWebDriver.java:117)
at com.sun.proxy.$Proxy11.getScreenshotAs(Unknown Source)
at org.openqa.selenium.support.events.EventFiringWebDriver.getScreenshotAs(EventFiringWebDriver.java:312)
at com.crm.qa.util.TestUtil.takeScreenshotAtEndOfTest(TestUtil.java:27)
at com.crm.qa.util.WebEventListener.onException(WebEventListener.java:57)
at org.openqa.selenium.support.events.EventFiringWebDriver.lambda$new$0(EventFiringWebDriver.java:94)
at com.sun.proxy.$Proxy10.onException(Unknown Source)
at org.openqa.selenium.support.events.EventFiringWebDriver.lambda$new$1(EventFiringWebDriver.java:117)
at com.sun.proxy.$Proxy11.getScreenshotAs(Unknown Source)
at org.openqa.selenium.support.events.EventFiringWebDriver.getScreenshotAs(EventFiringWebDriver.java:312)
at com.crm.qa.util.TestUtil.takeScreenshotAtEndOfTest(TestUtil.java:27)
at com.crm.qa.util.WebEventListener.onException(WebEventListener.java:57)
at org.openqa.selenium.support.events.EventFiringWebDriver.lambda$new$0(EventFiringWebDriver.java:94)
at com.sun.proxy.$Proxy10.onException(Unknown Source)
at org.openqa.selenium.support.events.EventFiringWebDriver.lambda$new$1(EventFiringWebDriver.java:117)
at com.sun.proxy.$Proxy11.getScreenshotAs(Unknown Source)
at org.openqa.selenium.support.events.EventFiringWebDriver.getScreenshotAs(EventFiringWebDriver.java:312)
at com.crm.qa.util.TestUtil.takeScreenshotAtEndOfTest(TestUtil.java:27)
at com.crm.qa.util.WebEventListener.onException(WebEventListener.java:57)
at org.openqa.selenium.support.events.EventFiringWebDriver.lambda$new$0(EventFiringWebDriver.java:94)
at com.sun.proxy.$Proxy10.onException(Unknown Source)
at org.openqa.selenium.support.events.EventFiringWebDriver.lambda$new$1(EventFiringWebDriver.java:117)
at com.sun.proxy.$Proxy11.getScreenshotAs(Unknown Source)
at org.openqa.selenium.support.events.EventFiringWebDriver.getScreenshotAs(EventFiringWebDriver.java:312)
at com.crm.qa.util.TestUtil.takeScreenshotAtEndOfTest(TestUtil.java:27)
at com.crm.qa.util.WebEventListener.onException(WebEventListener.java:57)
at org.openqa.selenium.support.events.EventFiringWebDriver.lambda$new$0(EventFiringWebDriver.java:94)
at com.sun.proxy.$Proxy10.onException(Unknown Source)
at org.openqa.selenium.support.events.EventFiringWebDriver.lambda$new$1(EventFiringWebDriver.java:117)
at com.sun.proxy.$Proxy11.getScreenshotAs(Unknown Source)
at org.openqa.selenium.support.events.EventFiringWebDriver.getScreenshotAs(EventFiringWebDriver.java:312)
at com.crm.qa.util.TestUtil.takeScreenshotAtEndOfTest(TestUtil.java:27)
at com.crm.qa.util.WebEventListener.onException(WebEventListener.java:57)
at org.openqa.selenium.support.events.EventFiringWebDriver.lambda$new$0(EventFiringWebDriver.java:94)
at com.sun.proxy.$Proxy10.onException(Unknown Source)
at org.openqa.selenium.support.events.EventFiringWebDriver.lambda$new$1(EventFiringWebDriver.java:117)
at com.sun.proxy.$Proxy11.getScreenshotAs(Unknown Source)
at org.openqa.selenium.support.events.EventFiringWebDriver.getScreenshotAs(EventFiringWebDriver.java:312)
at com.crm.qa.util.TestUtil.takeScreenshotAtEndOfTest(TestUtil.java:27)
at com.crm.qa.util.WebEventListener.onException(WebEventListener.java:57)
at org.openqa.selenium.support.events.EventFiringWebDriver.lambda$new$0(EventFiringWebDriver.java:94)
at com.sun.proxy.$Proxy10.onException(Unknown Source)
at org.openqa.selenium.support.events.EventFiringWebDriver.lambda$new$1(EventFiringWebDriver.java:117)
at com.sun.proxy.$Proxy11.getScreenshotAs(Unknown Source)
at org.openqa.selenium.support.events.EventFiringWebDriver.getScreenshotAs(EventFiringWebDriver.java:312)
at com.crm.qa.util.TestUtil.takeScreenshotAtEndOfTest(TestUtil.java:27)
at com.crm.qa.util.WebEventListener.onException(WebEventListener.java:57)
at org.openqa.selenium.support.events.EventFiringWebDriver.lambda$new$0(EventFiringWebDriver.java:94)
at com.sun.proxy.$Proxy10.onException(Unknown Source)
at org.openqa.selenium.support.events.EventFiringWebDriver.lambda$new$1(EventFiringWebDriver.java:117)
at com.sun.proxy.$Proxy11.getScreenshotAs(Unknown Source)
at org.openqa.selenium.support.events.EventFiringWebDriver.getScreenshotAs(EventFiringWebDriver.java:312)
at com.crm.qa.util.TestUtil.takeScreenshotAtEndOfTest(TestUtil.java:27)
at com.crm.qa.util.WebEventListener.onException(WebEventListener.java:57)
at org.openqa.selenium.support.events.EventFiringWebDriver.lambda$new$0(EventFiringWebDriver.java:94)
at com.sun.proxy.$Proxy10.onException(Unknown Source)
at org.openqa.selenium.support.events.EventFiringWebDriver.lambda$new$1(EventFiringWebDriver.java:117)
at com.sun.proxy.$Proxy11.getScreenshotAs(Unknown Source)
at org.openqa.selenium.support.events.EventFiringWebDriver.getScreenshotAs(EventFiringWebDriver.java:312)
at com.crm.qa.util.TestUtil.takeScreenshotAtEndOfTest(TestUtil.java:27)
at com.crm.qa.util.WebEventListener.onException(WebEventListener.java:57)
at org.openqa.selenium.support.events.EventFiringWebDriver.lambda$new$0(EventFiringWebDriver.java:94)
at com.sun.proxy.$Proxy10.onException(Unknown Source)
at org.openqa.selenium.support.events.EventFiringWebDriver.lambda$new$1(EventFiringWebDriver.java:117)
at com.sun.proxy.$Proxy11.getScreenshotAs(Unknown Source)
at org.openqa.selenium.support.events.EventFiringWebDriver.getScreenshotAs(EventFiringWebDriver.java:312)
at com.crm.qa.util.TestUtil.takeScreenshotAtEndOfTest(TestUtil.java:27)
at com.crm.qa.util.WebEventListener.onException(WebEventListener.java:57)
at org.openqa.selenium.support.events.EventFiringWebDriver.lambda$new$0(EventFiringWebDriver.java:94)
at com.sun.proxy.$Proxy10.onException(Unknown Source)
at org.openqa.selenium.support.events.EventFiringWebDriver.lambda$new$1(EventFiringWebDriver.java:117)
at com.sun.proxy.$Proxy11.getScreenshotAs(Unknown Source)
at org.openqa.selenium.support.events.EventFiringWebDriver.getScreenshotAs(EventFiringWebDriver.java:312)
at com.crm.qa.util.TestUtil.takeScreenshotAtEndOfTest(TestUtil.java:27)
at com.crm.qa.util.WebEventListener.onException(WebEventListener.java:57)
at org.openqa.selenium.support.events.EventFiringWebDriver.lambda$new$0(EventFiringWebDriver.java:94)
at com.sun.proxy.$Proxy10.onException(Unknown Source)
at org.openqa.selenium.support.events.EventFiringWebDriver.lambda$new$1(EventFiringWebDriver.java:117)
at com.sun.proxy.$Proxy11.getScreenshotAs(Unknown Source)
at org.openqa.selenium.support.events.EventFiringWebDriver.getScreenshotAs(EventFiringWebDriver.java:312)
at com.crm.qa.util.TestUtil.takeScreenshotAtEndOfTest(TestUtil.java:27)
at com.crm.qa.util.WebEventListener.onException(WebEventListener.java:57)
at org.openqa.selenium.support.events.EventFiringWebDriver.lambda$new$0(EventFiringWebDriver.java:94)
at com.sun.proxy.$Proxy10.onException(Unknown Source)
at org.openqa.selenium.support.events.EventFiringWebDriver.lambda$new$1(EventFiringWebDriver.java:117)
at com.sun.proxy.$Proxy11.getScreenshotAs(Unknown Source)
at org.openqa.selenium.support.events.EventFiringWebDriver.getScreenshotAs(EventFiringWebDriver.java:312)
at com.crm.qa.util.TestUtil.takeScreenshotAtEndOfTest(TestUtil.java:27)
at com.crm.qa.util.WebEventListener.onException(WebEventListener.java:57)
at org.openqa.selenium.support.events.EventFiringWebDriver.lambda$new$0(EventFiringWebDriver.java:94)
at com.sun.proxy.$Proxy10.onException(Unknown Source)
at org.openqa.selenium.support.events.EventFiringWebDriver.lambda$new$1(EventFiringWebDriver.java:117)
at com.sun.proxy.$Proxy11.getScreenshotAs(Unknown Source)
at org.openqa.selenium.support.events.EventFiringWebDriver.getScreenshotAs(EventFiringWebDriver.java:312)
at com.crm.qa.util.TestUtil.takeScreenshotAtEndOfTest(TestUtil.java:27)
at com.crm.qa.util.WebEventListener.onException(WebEventListener.java:57)
at org.openqa.selenium.support.events.EventFiringWebDriver.lambda$new$0(EventFiringWebDriver.java:94)
at com.sun.proxy.$Proxy10.onException(Unknown Source)
at org.openqa.selenium.support.events.EventFiringWebDriver.lambda$new$1(EventFiringWebDriver.java:117)
... Removed 308 stack frames]]>
    </failure>
  </testcase> <!-- @BeforeMethod setUp -->
  <testcase name="@AfterMethod tearDown" time="-1.628334846673E9" classname="com.crm.qa.test.ContactsPageTest">
    <skipped/>
  </testcase> <!-- @AfterMethod tearDown -->
  <testcase name="@BeforeMethod setUp" time="-1.628334846674E9" classname="com.crm.qa.test.ContactsPageTest">
    <skipped/>
  </testcase> <!-- @BeforeMethod setUp -->
  <testcase name="@AfterMethod tearDown" time="-1.628334846675E9" classname="com.crm.qa.test.ContactsPageTest">
    <skipped/>
  </testcase> <!-- @AfterMethod tearDown -->
  <testcase name="@BeforeMethod setUp" time="18.692" classname="com.crm.qa.test.HomePageTest">
    <failure type="java.lang.StackOverflowError">
      <![CDATA[java.lang.StackOverflowError
at java.io.FileOutputStream.writeBytes(Native Method)
at java.io.FileOutputStream.write(FileOutputStream.java:326)
at java.io.BufferedOutputStream.flushBuffer(BufferedOutputStream.java:82)
at java.io.BufferedOutputStream.write(BufferedOutputStream.java:126)
at java.io.PrintStream.write(PrintStream.java:480)
at com.crm.qa.util.WebEventListener.onException(WebEventListener.java:55)
at org.openqa.selenium.support.events.EventFiringWebDriver.lambda$new$0(EventFiringWebDriver.java:94)
at com.sun.proxy.$Proxy10.onException(Unknown Source)
at org.openqa.selenium.support.events.EventFiringWebDriver.lambda$new$1(EventFiringWebDriver.java:117)
at com.sun.proxy.$Proxy11.getScreenshotAs(Unknown Source)
at org.openqa.selenium.support.events.EventFiringWebDriver.getScreenshotAs(EventFiringWebDriver.java:312)
at com.crm.qa.util.TestUtil.takeScreenshotAtEndOfTest(TestUtil.java:27)
at com.crm.qa.util.WebEventListener.onException(WebEventListener.java:57)
at org.openqa.selenium.support.events.EventFiringWebDriver.lambda$new$0(EventFiringWebDriver.java:94)
at com.sun.proxy.$Proxy10.onException(Unknown Source)
at org.openqa.selenium.support.events.EventFiringWebDriver.lambda$new$1(EventFiringWebDriver.java:117)
at com.sun.proxy.$Proxy11.getScreenshotAs(Unknown Source)
at org.openqa.selenium.support.events.EventFiringWebDriver.getScreenshotAs(EventFiringWebDriver.java:312)
at com.crm.qa.util.TestUtil.takeScreenshotAtEndOfTest(TestUtil.java:27)
at com.crm.qa.util.WebEventListener.onException(WebEventListener.java:57)
at org.openqa.selenium.support.events.EventFiringWebDriver.lambda$new$0(EventFiringWebDriver.java:94)
at com.sun.proxy.$Proxy10.onException(Unknown Source)
at org.openqa.selenium.support.events.EventFiringWebDriver.lambda$new$1(EventFiringWebDriver.java:117)
at com.sun.proxy.$Proxy11.getScreenshotAs(Unknown Source)
at org.openqa.selenium.support.events.EventFiringWebDriver.getScreenshotAs(EventFiringWebDriver.java:312)
at com.crm.qa.util.TestUtil.takeScreenshotAtEndOfTest(TestUtil.java:27)
at com.crm.qa.util.WebEventListener.onException(WebEventListener.java:57)
at org.openqa.selenium.support.events.EventFiringWebDriver.lambda$new$0(EventFiringWebDriver.java:94)
at com.sun.proxy.$Proxy10.onException(Unknown Source)
at org.openqa.selenium.support.events.EventFiringWebDriver.lambda$new$1(EventFiringWebDriver.java:117)
at com.sun.proxy.$Proxy11.getScreenshotAs(Unknown Source)
at org.openqa.selenium.support.events.EventFiringWebDriver.getScreenshotAs(EventFiringWebDriver.java:312)
at com.crm.qa.util.TestUtil.takeScreenshotAtEndOfTest(TestUtil.java:27)
at com.crm.qa.util.WebEventListener.onException(WebEventListener.java:57)
at org.openqa.selenium.support.events.EventFiringWebDriver.lambda$new$0(EventFiringWebDriver.java:94)
at com.sun.proxy.$Proxy10.onException(Unknown Source)
at org.openqa.selenium.support.events.EventFiringWebDriver.lambda$new$1(EventFiringWebDriver.java:117)
at com.sun.proxy.$Proxy11.getScreenshotAs(Unknown Source)
at org.openqa.selenium.support.events.EventFiringWebDriver.getScreenshotAs(EventFiringWebDriver.java:312)
at com.crm.qa.util.TestUtil.takeScreenshotAtEndOfTest(TestUtil.java:27)
at com.crm.qa.util.WebEventListener.onException(WebEventListener.java:57)
at org.openqa.selenium.support.events.EventFiringWebDriver.lambda$new$0(EventFiringWebDriver.java:94)
at com.sun.proxy.$Proxy10.onException(Unknown Source)
at org.openqa.selenium.support.events.EventFiringWebDriver.lambda$new$1(EventFiringWebDriver.java:117)
at com.sun.proxy.$Proxy11.getScreenshotAs(Unknown Source)
at org.openqa.selenium.support.events.EventFiringWebDriver.getScreenshotAs(EventFiringWebDriver.java:312)
at com.crm.qa.util.TestUtil.takeScreenshotAtEndOfTest(TestUtil.java:27)
at com.crm.qa.util.WebEventListener.onException(WebEventListener.java:57)
at org.openqa.selenium.support.events.EventFiringWebDriver.lambda$new$0(EventFiringWebDriver.java:94)
at com.sun.proxy.$Proxy10.onException(Unknown Source)
at org.openqa.selenium.support.events.EventFiringWebDriver.lambda$new$1(EventFiringWebDriver.java:117)
at com.sun.proxy.$Proxy11.getScreenshotAs(Unknown Source)
at org.openqa.selenium.support.events.EventFiringWebDriver.getScreenshotAs(EventFiringWebDriver.java:312)
at com.crm.qa.util.TestUtil.takeScreenshotAtEndOfTest(TestUtil.java:27)
at com.crm.qa.util.WebEventListener.onException(WebEventListener.java:57)
at org.openqa.selenium.support.events.EventFiringWebDriver.lambda$new$0(EventFiringWebDriver.java:94)
at com.sun.proxy.$Proxy10.onException(Unknown Source)
at org.openqa.selenium.support.events.EventFiringWebDriver.lambda$new$1(EventFiringWebDriver.java:117)
at com.sun.proxy.$Proxy11.getScreenshotAs(Unknown Source)
at org.openqa.selenium.support.events.EventFiringWebDriver.getScreenshotAs(EventFiringWebDriver.java:312)
at com.crm.qa.util.TestUtil.takeScreenshotAtEndOfTest(TestUtil.java:27)
at com.crm.qa.util.WebEventListener.onException(WebEventListener.java:57)
at org.openqa.selenium.support.events.EventFiringWebDriver.lambda$new$0(EventFiringWebDriver.java:94)
at com.sun.proxy.$Proxy10.onException(Unknown Source)
at org.openqa.selenium.support.events.EventFiringWebDriver.lambda$new$1(EventFiringWebDriver.java:117)
at com.sun.proxy.$Proxy11.getScreenshotAs(Unknown Source)
at org.openqa.selenium.support.events.EventFiringWebDriver.getScreenshotAs(EventFiringWebDriver.java:312)
at com.crm.qa.util.TestUtil.takeScreenshotAtEndOfTest(TestUtil.java:27)
at com.crm.qa.util.WebEventListener.onException(WebEventListener.java:57)
at org.openqa.selenium.support.events.EventFiringWebDriver.lambda$new$0(EventFiringWebDriver.java:94)
at com.sun.proxy.$Proxy10.onException(Unknown Source)
at org.openqa.selenium.support.events.EventFiringWebDriver.lambda$new$1(EventFiringWebDriver.java:117)
at com.sun.proxy.$Proxy11.getScreenshotAs(Unknown Source)
at org.openqa.selenium.support.events.EventFiringWebDriver.getScreenshotAs(EventFiringWebDriver.java:312)
at com.crm.qa.util.TestUtil.takeScreenshotAtEndOfTest(TestUtil.java:27)
at com.crm.qa.util.WebEventListener.onException(WebEventListener.java:57)
at org.openqa.selenium.support.events.EventFiringWebDriver.lambda$new$0(EventFiringWebDriver.java:94)
at com.sun.proxy.$Proxy10.onException(Unknown Source)
at org.openqa.selenium.support.events.EventFiringWebDriver.lambda$new$1(EventFiringWebDriver.java:117)
at com.sun.proxy.$Proxy11.getScreenshotAs(Unknown Source)
at org.openqa.selenium.support.events.EventFiringWebDriver.getScreenshotAs(EventFiringWebDriver.java:312)
at com.crm.qa.util.TestUtil.takeScreenshotAtEndOfTest(TestUtil.java:27)
at com.crm.qa.util.WebEventListener.onException(WebEventListener.java:57)
at org.openqa.selenium.support.events.EventFiringWebDriver.lambda$new$0(EventFiringWebDriver.java:94)
at com.sun.proxy.$Proxy10.onException(Unknown Source)
at org.openqa.selenium.support.events.EventFiringWebDriver.lambda$new$1(EventFiringWebDriver.java:117)
at com.sun.proxy.$Proxy11.getScreenshotAs(Unknown Source)
at org.openqa.selenium.support.events.EventFiringWebDriver.getScreenshotAs(EventFiringWebDriver.java:312)
at com.crm.qa.util.TestUtil.takeScreenshotAtEndOfTest(TestUtil.java:27)
at com.crm.qa.util.WebEventListener.onException(WebEventListener.java:57)
at org.openqa.selenium.support.events.EventFiringWebDriver.lambda$new$0(EventFiringWebDriver.java:94)
at com.sun.proxy.$Proxy10.onException(Unknown Source)
at org.openqa.selenium.support.events.EventFiringWebDriver.lambda$new$1(EventFiringWebDriver.java:117)
at com.sun.proxy.$Proxy11.getScreenshotAs(Unknown Source)
at org.openqa.selenium.support.events.EventFiringWebDriver.getScreenshotAs(EventFiringWebDriver.java:312)
at com.crm.qa.util.TestUtil.takeScreenshotAtEndOfTest(TestUtil.java:27)
at com.crm.qa.util.WebEventListener.onException(WebEventListener.java:57)
at org.openqa.selenium.support.events.EventFiringWebDriver.lambda$new$0(EventFiringWebDriver.java:94)
at com.sun.proxy.$Proxy10.onException(Unknown Source)
at org.openqa.selenium.support.events.EventFiringWebDriver.lambda$new$1(EventFiringWebDriver.java:117)
at com.sun.proxy.$Proxy11.getScreenshotAs(Unknown Source)
at org.openqa.selenium.support.events.EventFiringWebDriver.getScreenshotAs(EventFiringWebDriver.java:312)
at com.crm.qa.util.TestUtil.takeScreenshotAtEndOfTest(TestUtil.java:27)
at com.crm.qa.util.WebEventListener.onException(WebEventListener.java:57)
at org.openqa.selenium.support.events.EventFiringWebDriver.lambda$new$0(EventFiringWebDriver.java:94)
at com.sun.proxy.$Proxy10.onException(Unknown Source)
at org.openqa.selenium.support.events.EventFiringWebDriver.lambda$new$1(EventFiringWebDriver.java:117)
at com.sun.proxy.$Proxy11.getScreenshotAs(Unknown Source)
at org.openqa.selenium.support.events.EventFiringWebDriver.getScreenshotAs(EventFiringWebDriver.java:312)
at com.crm.qa.util.TestUtil.takeScreenshotAtEndOfTest(TestUtil.java:27)
at com.crm.qa.util.WebEventListener.onException(WebEventListener.java:57)
at org.openqa.selenium.support.events.EventFiringWebDriver.lambda$new$0(EventFiringWebDriver.java:94)
at com.sun.proxy.$Proxy10.onException(Unknown Source)
at org.openqa.selenium.support.events.EventFiringWebDriver.lambda$new$1(EventFiringWebDriver.java:117)
at com.sun.proxy.$Proxy11.getScreenshotAs(Unknown Source)
at org.openqa.selenium.support.events.EventFiringWebDriver.getScreenshotAs(EventFiringWebDriver.java:312)
at com.crm.qa.util.TestUtil.takeScreenshotAtEndOfTest(TestUtil.java:27)
at com.crm.qa.util.WebEventListener.onException(WebEventListener.java:57)
at org.openqa.selenium.support.events.EventFiringWebDriver.lambda$new$0(EventFiringWebDriver.java:94)
at com.sun.proxy.$Proxy10.onException(Unknown Source)
at org.openqa.selenium.support.events.EventFiringWebDriver.lambda$new$1(EventFiringWebDriver.java:117)
at com.sun.proxy.$Proxy11.getScreenshotAs(Unknown Source)
at org.openqa.selenium.support.events.EventFiringWebDriver.getScreenshotAs(EventFiringWebDriver.java:312)
at com.crm.qa.util.TestUtil.takeScreenshotAtEndOfTest(TestUtil.java:27)
at com.crm.qa.util.WebEventListener.onException(WebEventListener.java:57)
at org.openqa.selenium.support.events.EventFiringWebDriver.lambda$new$0(EventFiringWebDriver.java:94)
at com.sun.proxy.$Proxy10.onException(Unknown Source)
at org.openqa.selenium.support.events.EventFiringWebDriver.lambda$new$1(EventFiringWebDriver.java:117)
at com.sun.proxy.$Proxy11.getScreenshotAs(Unknown Source)
at org.openqa.selenium.support.events.EventFiringWebDriver.getScreenshotAs(EventFiringWebDriver.java:312)
at com.crm.qa.util.TestUtil.takeScreenshotAtEndOfTest(TestUtil.java:27)
at com.crm.qa.util.WebEventListener.onException(WebEventListener.java:57)
at org.openqa.selenium.support.events.EventFiringWebDriver.lambda$new$0(EventFiringWebDriver.java:94)
at com.sun.proxy.$Proxy10.onException(Unknown Source)
at org.openqa.selenium.support.events.EventFiringWebDriver.lambda$new$1(EventFiringWebDriver.java:117)
at com.sun.proxy.$Proxy11.getScreenshotAs(Unknown Source)
at org.openqa.selenium.support.events.EventFiringWebDriver.getScreenshotAs(EventFiringWebDriver.java:312)
at com.crm.qa.util.TestUtil.takeScreenshotAtEndOfTest(TestUtil.java:27)
at com.crm.qa.util.WebEventListener.onException(WebEventListener.java:57)
at org.openqa.selenium.support.events.EventFiringWebDriver.lambda$new$0(EventFiringWebDriver.java:94)
at com.sun.proxy.$Proxy10.onException(Unknown Source)
at org.openqa.selenium.support.events.EventFiringWebDriver.lambda$new$1(EventFiringWebDriver.java:117)
at com.sun.proxy.$Proxy11.getScreenshotAs(Unknown Source)
at org.openqa.selenium.support.events.EventFiringWebDriver.getScreenshotAs(EventFiringWebDriver.java:312)
at com.crm.qa.util.TestUtil.takeScreenshotAtEndOfTest(TestUtil.java:27)
at com.crm.qa.util.WebEventListener.onException(WebEventListener.java:57)
at org.openqa.selenium.support.events.EventFiringWebDriver.lambda$new$0(EventFiringWebDriver.java:94)
at com.sun.proxy.$Proxy10.onException(Unknown Source)
at org.openqa.selenium.support.events.EventFiringWebDriver.lambda$new$1(EventFiringWebDriver.java:117)
at com.sun.proxy.$Proxy11.getScreenshotAs(Unknown Source)
at org.openqa.selenium.support.events.EventFiringWebDriver.getScreenshotAs(EventFiringWebDriver.java:312)
at com.crm.qa.util.TestUtil.takeScreenshotAtEndOfTest(TestUtil.java:27)
at com.crm.qa.util.WebEventListener.onException(WebEventListener.java:57)
at org.openqa.selenium.support.events.EventFiringWebDriver.lambda$new$0(EventFiringWebDriver.java:94)
at com.sun.proxy.$Proxy10.onException(Unknown Source)
at org.openqa.selenium.support.events.EventFiringWebDriver.lambda$new$1(EventFiringWebDriver.java:117)
at com.sun.proxy.$Proxy11.getScreenshotAs(Unknown Source)
at org.openqa.selenium.support.events.EventFiringWebDriver.getScreenshotAs(EventFiringWebDriver.java:312)
at com.crm.qa.util.TestUtil.takeScreenshotAtEndOfTest(TestUtil.java:27)
at com.crm.qa.util.WebEventListener.onException(WebEventListener.java:57)
at org.openqa.selenium.support.events.EventFiringWebDriver.lambda$new$0(EventFiringWebDriver.java:94)
at com.sun.proxy.$Proxy10.onException(Unknown Source)
at org.openqa.selenium.support.events.EventFiringWebDriver.lambda$new$1(EventFiringWebDriver.java:117)
at com.sun.proxy.$Proxy11.getScreenshotAs(Unknown Source)
at org.openqa.selenium.support.events.EventFiringWebDriver.getScreenshotAs(EventFiringWebDriver.java:312)
at com.crm.qa.util.TestUtil.takeScreenshotAtEndOfTest(TestUtil.java:27)
at com.crm.qa.util.WebEventListener.onException(WebEventListener.java:57)
at org.openqa.selenium.support.events.EventFiringWebDriver.lambda$new$0(EventFiringWebDriver.java:94)
at com.sun.proxy.$Proxy10.onException(Unknown Source)
at org.openqa.selenium.support.events.EventFiringWebDriver.lambda$new$1(EventFiringWebDriver.java:117)
at com.sun.proxy.$Proxy11.getScreenshotAs(Unknown Source)
at org.openqa.selenium.support.events.EventFiringWebDriver.getScreenshotAs(EventFiringWebDriver.java:312)
at com.crm.qa.util.TestUtil.takeScreenshotAtEndOfTest(TestUtil.java:27)
at com.crm.qa.util.WebEventListener.onException(WebEventListener.java:57)
at org.openqa.selenium.support.events.EventFiringWebDriver.lambda$new$0(EventFiringWebDriver.java:94)
at com.sun.proxy.$Proxy10.onException(Unknown Source)
at org.openqa.selenium.support.events.EventFiringWebDriver.lambda$new$1(EventFiringWebDriver.java:117)
at com.sun.proxy.$Proxy11.getScreenshotAs(Unknown Source)
at org.openqa.selenium.support.events.EventFiringWebDriver.getScreenshotAs(EventFiringWebDriver.java:312)
at com.crm.qa.util.TestUtil.takeScreenshotAtEndOfTest(TestUtil.java:27)
at com.crm.qa.util.WebEventListener.onException(WebEventListener.java:57)
at org.openqa.selenium.support.events.EventFiringWebDriver.lambda$new$0(EventFiringWebDriver.java:94)
at com.sun.proxy.$Proxy10.onException(Unknown Source)
at org.openqa.selenium.support.events.EventFiringWebDriver.lambda$new$1(EventFiringWebDriver.java:117)
at com.sun.proxy.$Proxy11.getScreenshotAs(Unknown Source)
at org.openqa.selenium.support.events.EventFiringWebDriver.getScreenshotAs(EventFiringWebDriver.java:312)
at com.crm.qa.util.TestUtil.takeScreenshotAtEndOfTest(TestUtil.java:27)
at com.crm.qa.util.WebEventListener.onException(WebEventListener.java:57)
at org.openqa.selenium.support.events.EventFiringWebDriver.lambda$new$0(EventFiringWebDriver.java:94)
at com.sun.proxy.$Proxy10.onException(Unknown Source)
at org.openqa.selenium.support.events.EventFiringWebDriver.lambda$new$1(EventFiringWebDriver.java:117)
at com.sun.proxy.$Proxy11.getScreenshotAs(Unknown Source)
at org.openqa.selenium.support.events.EventFiringWebDriver.getScreenshotAs(EventFiringWebDriver.java:312)
at com.crm.qa.util.TestUtil.takeScreenshotAtEndOfTest(TestUtil.java:27)
at com.crm.qa.util.WebEventListener.onException(WebEventListener.java:57)
at org.openqa.selenium.support.events.EventFiringWebDriver.lambda$new$0(EventFiringWebDriver.java:94)
at com.sun.proxy.$Proxy10.onException(Unknown Source)
at org.openqa.selenium.support.events.EventFiringWebDriver.lambda$new$1(EventFiringWebDriver.java:117)
at com.sun.proxy.$Proxy11.getScreenshotAs(Unknown Source)
at org.openqa.selenium.support.events.EventFiringWebDriver.getScreenshotAs(EventFiringWebDriver.java:312)
at com.crm.qa.util.TestUtil.takeScreenshotAtEndOfTest(TestUtil.java:27)
at com.crm.qa.util.WebEventListener.onException(WebEventListener.java:57)
at org.openqa.selenium.support.events.EventFiringWebDriver.lambda$new$0(EventFiringWebDriver.java:94)
at com.sun.proxy.$Proxy10.onException(Unknown Source)
at org.openqa.selenium.support.events.EventFiringWebDriver.lambda$new$1(EventFiringWebDriver.java:117)
at com.sun.proxy.$Proxy11.getScreenshotAs(Unknown Source)
at org.openqa.selenium.support.events.EventFiringWebDriver.getScreenshotAs(EventFiringWebDriver.java:312)
at com.crm.qa.util.TestUtil.takeScreenshotAtEndOfTest(TestUtil.java:27)
at com.crm.qa.util.WebEventListener.onException(WebEventListener.java:57)
at org.openqa.selenium.support.events.EventFiringWebDriver.lambda$new$0(EventFiringWebDriver.java:94)
at com.sun.proxy.$Proxy10.onException(Unknown Source)
at org.openqa.selenium.support.events.EventFiringWebDriver.lambda$new$1(EventFiringWebDriver.java:117)
at com.sun.proxy.$Proxy11.getScreenshotAs(Unknown Source)
at org.openqa.selenium.support.events.EventFiringWebDriver.getScreenshotAs(EventFiringWebDriver.java:312)
at com.crm.qa.util.TestUtil.takeScreenshotAtEndOfTest(TestUtil.java:27)
at com.crm.qa.util.WebEventListener.onException(WebEventListener.java:57)
at org.openqa.selenium.support.events.EventFiringWebDriver.lambda$new$0(EventFiringWebDriver.java:94)
at com.sun.proxy.$Proxy10.onException(Unknown Source)
at org.openqa.selenium.support.events.EventFiringWebDriver.lambda$new$1(EventFiringWebDriver.java:117)
at com.sun.proxy.$Proxy11.getScreenshotAs(Unknown Source)
at org.openqa.selenium.support.events.EventFiringWebDriver.getScreenshotAs(EventFiringWebDriver.java:312)
at com.crm.qa.util.TestUtil.takeScreenshotAtEndOfTest(TestUtil.java:27)
at com.crm.qa.util.WebEventListener.onException(WebEventListener.java:57)
at org.openqa.selenium.support.events.EventFiringWebDriver.lambda$new$0(EventFiringWebDriver.java:94)
at com.sun.proxy.$Proxy10.onException(Unknown Source)
at org.openqa.selenium.support.events.EventFiringWebDriver.lambda$new$1(EventFiringWebDriver.java:117)
at com.sun.proxy.$Proxy11.getScreenshotAs(Unknown Source)
at org.openqa.selenium.support.events.EventFiringWebDriver.getScreenshotAs(EventFiringWebDriver.java:312)
at com.crm.qa.util.TestUtil.takeScreenshotAtEndOfTest(TestUtil.java:27)
at com.crm.qa.util.WebEventListener.onException(WebEventListener.java:57)
at org.openqa.selenium.support.events.EventFiringWebDriver.lambda$new$0(EventFiringWebDriver.java:94)
at com.sun.proxy.$Proxy10.onException(Unknown Source)
at org.openqa.selenium.support.events.EventFiringWebDriver.lambda$new$1(EventFiringWebDriver.java:117)
at com.sun.proxy.$Proxy11.getScreenshotAs(Unknown Source)
at org.openqa.selenium.support.events.EventFiringWebDriver.getScreenshotAs(EventFiringWebDriver.java:312)
at com.crm.qa.util.TestUtil.takeScreenshotAtEndOfTest(TestUtil.java:27)
at com.crm.qa.util.WebEventListener.onException(WebEventListener.java:57)
at org.openqa.selenium.support.events.EventFiringWebDriver.lambda$new$0(EventFiringWebDriver.java:94)
at com.sun.proxy.$Proxy10.onException(Unknown Source)
at org.openqa.selenium.support.events.EventFiringWebDriver.lambda$new$1(EventFiringWebDriver.java:117)
at com.sun.proxy.$Proxy11.getScreenshotAs(Unknown Source)
at org.openqa.selenium.support.events.EventFiringWebDriver.getScreenshotAs(EventFiringWebDriver.java:312)
at com.crm.qa.util.TestUtil.takeScreenshotAtEndOfTest(TestUtil.java:27)
at com.crm.qa.util.WebEventListener.onException(WebEventListener.java:57)
at org.openqa.selenium.support.events.EventFiringWebDriver.lambda$new$0(EventFiringWebDriver.java:94)
at com.sun.proxy.$Proxy10.onException(Unknown Source)
at org.openqa.selenium.support.events.EventFiringWebDriver.lambda$new$1(EventFiringWebDriver.java:117)
at com.sun.proxy.$Proxy11.getScreenshotAs(Unknown Source)
at org.openqa.selenium.support.events.EventFiringWebDriver.getScreenshotAs(EventFiringWebDriver.java:312)
at com.crm.qa.util.TestUtil.takeScreenshotAtEndOfTest(TestUtil.java:27)
at com.crm.qa.util.WebEventListener.onException(WebEventListener.java:57)
at org.openqa.selenium.support.events.EventFiringWebDriver.lambda$new$0(EventFiringWebDriver.java:94)
at com.sun.proxy.$Proxy10.onException(Unknown Source)
at org.openqa.selenium.support.events.EventFiringWebDriver.lambda$new$1(EventFiringWebDriver.java:117)
at com.sun.proxy.$Proxy11.getScreenshotAs(Unknown Source)
[...]
at com.sun.proxy.$Proxy11.getScreenshotAs(Unknown Source)
at org.openqa.selenium.support.events.EventFiringWebDriver.getScreenshotAs(EventFiringWebDriver.java:312)
at com.crm.qa.util.TestUtil.takeScreenshotAtEndOfTest(TestUtil.java:27)
at com.crm.qa.util.WebEventListener.onException(WebEventListener.java:57)
at org.openqa.selenium.support.events.EventFiringWebDriver.lambda$new$0(EventFiringWebDriver.java:94)
at com.sun.proxy.$Proxy10.onException(Unknown Source)
at org.openqa.selenium.support.events.EventFiringWebDriver.lambda$new$1(EventFiringWebDriver.java:117)
at com.sun.proxy.$Proxy11.getScreenshotAs(Unknown Source)
at org.openqa.selenium.support.events.EventFiringWebDriver.getScreenshotAs(EventFiringWebDriver.java:312)
at com.crm.qa.util.TestUtil.takeScreenshotAtEndOfTest(TestUtil.java:27)
at com.crm.qa.util.WebEventListener.onException(WebEventListener.java:57)
at org.openqa.selenium.support.events.EventFiringWebDriver.lambda$new$0(EventFiringWebDriver.java:94)
at com.sun.proxy.$Proxy10.onException(Unknown Source)
at org.openqa.selenium.support.events.EventFiringWebDriver.lambda$new$1(EventFiringWebDriver.java:117)
at com.sun.proxy.$Proxy11.getScreenshotAs(Unknown Source)
at org.openqa.selenium.support.events.EventFiringWebDriver.getScreenshotAs(EventFiringWebDriver.java:312)
at com.crm.qa.util.TestUtil.takeScreenshotAtEndOfTest(TestUtil.java:27)
at com.crm.qa.util.WebEventListener.onException(WebEventListener.java:57)
at org.openqa.selenium.support.events.EventFiringWebDriver.lambda$new$0(EventFiringWebDriver.java:94)
at com.sun.proxy.$Proxy10.onException(Unknown Source)
at org.openqa.selenium.support.events.EventFiringWebDriver.lambda$new$1(EventFiringWebDriver.java:117)
at com.sun.proxy.$Proxy11.getScreenshotAs(Unknown Source)
at org.openqa.selenium.support.events.EventFiringWebDriver.getScreenshotAs(EventFiringWebDriver.java:312)
at com.crm.qa.util.TestUtil.takeScreenshotAtEndOfTest(TestUtil.java:27)
at com.crm.qa.util.WebEventListener.onException(WebEventListener.java:57)
at org.openqa.selenium.support.events.EventFiringWebDriver.lambda$new$0(EventFiringWebDriver.java:94)
at com.sun.proxy.$Proxy10.onException(Unknown Source)
at org.openqa.selenium.support.events.EventFiringWebDriver.lambda$new$1(EventFiringWebDriver.java:117)
at com.sun.proxy.$Proxy11.getScreenshotAs(Unknown Source)
at org.openqa.selenium.support.events.EventFiringWebDriver.getScreenshotAs(EventFiringWebDriver.java:312)
at com.crm.qa.util.TestUtil.takeScreenshotAtEndOfTest(TestUtil.java:27)
at com.crm.qa.util.WebEventListener.onException(WebEventListener.java:57)
at org.openqa.selenium.support.events.EventFiringWebDriver.lambda$new$0(EventFiringWebDriver.java:94)
at com.sun.proxy.$Proxy10.onException(Unknown Source)
at org.openqa.selenium.support.events.EventFiringWebDriver.lambda$new$1(EventFiringWebDriver.java:117)
at com.sun.proxy.$Proxy11.getScreenshotAs(Unknown Source)
at org.openqa.selenium.support.events.EventFiringWebDriver.getScreenshotAs(EventFiringWebDriver.java:312)
at com.crm.qa.util.TestUtil.takeScreenshotAtEndOfTest(TestUtil.java:27)
at com.crm.qa.util.WebEventListener.onException(WebEventListener.java:57)
at org.openqa.selenium.support.events.EventFiringWebDriver.lambda$new$0(EventFiringWebDriver.java:94)
at com.sun.proxy.$Proxy10.onException(Unknown Source)
at org.openqa.selenium.support.events.EventFiringWebDriver.lambda$new$1(EventFiringWebDriver.java:117)
at com.sun.proxy.$Proxy11.getScreenshotAs(Unknown Source)
at org.openqa.selenium.support.events.EventFiringWebDriver.getScreenshotAs(EventFiringWebDriver.java:312)
at com.crm.qa.util.TestUtil.takeScreenshotAtEndOfTest(TestUtil.java:27)
at com.crm.qa.util.WebEventListener.onException(WebEventListener.java:57)
at org.openqa.selenium.support.events.EventFiringWebDriver.lambda$new$0(EventFiringWebDriver.java:94)
at com.sun.proxy.$Proxy10.onException(Unknown Source)
at org.openqa.selenium.support.events.EventFiringWebDriver.lambda$new$1(EventFiringWebDriver.java:117)
at com.sun.proxy.$Proxy11.getScreenshotAs(Unknown Source)
at org.openqa.selenium.support.events.EventFiringWebDriver.getScreenshotAs(EventFiringWebDriver.java:312)
at com.crm.qa.util.TestUtil.takeScreenshotAtEndOfTest(TestUtil.java:27)
at com.crm.qa.util.WebEventListener.onException(WebEventListener.java:57)
at org.openqa.selenium.support.events.EventFiringWebDriver.lambda$new$0(EventFiringWebDriver.java:94)
at com.sun.proxy.$Proxy10.onException(Unknown Source)
at org.openqa.selenium.support.events.EventFiringWebDriver.lambda$new$1(EventFiringWebDriver.java:117)
at com.sun.proxy.$Proxy11.getScreenshotAs(Unknown Source)
at org.openqa.selenium.support.events.EventFiringWebDriver.getScreenshotAs(EventFiringWebDriver.java:312)
at com.crm.qa.util.TestUtil.takeScreenshotAtEndOfTest(TestUtil.java:27)
at com.crm.qa.util.WebEventListener.onException(WebEventListener.java:57)
at org.openqa.selenium.support.events.EventFiringWebDriver.lambda$new$0(EventFiringWebDriver.java:94)
at com.sun.proxy.$Proxy10.onException(Unknown Source)
at org.openqa.selenium.support.events.EventFiringWebDriver.lambda$new$1(EventFiringWebDriver.java:117)
at com.sun.proxy.$Proxy11.getScreenshotAs(Unknown Source)
at org.openqa.selenium.support.events.EventFiringWebDriver.getScreenshotAs(EventFiringWebDriver.java:312)
at com.crm.qa.util.TestUtil.takeScreenshotAtEndOfTest(TestUtil.java:27)
at com.crm.qa.util.WebEventListener.onException(WebEventListener.java:57)
at org.openqa.selenium.support.events.EventFiringWebDriver.lambda$new$0(EventFiringWebDriver.java:94)
at com.sun.proxy.$Proxy10.onException(Unknown Source)
at org.openqa.selenium.support.events.EventFiringWebDriver.lambda$new$1(EventFiringWebDriver.java:117)
at com.sun.proxy.$Proxy11.getScreenshotAs(Unknown Source)
at org.openqa.selenium.support.events.EventFiringWebDriver.getScreenshotAs(EventFiringWebDriver.java:312)
at com.crm.qa.util.TestUtil.takeScreenshotAtEndOfTest(TestUtil.java:27)
at com.crm.qa.util.WebEventListener.onException(WebEventListener.java:57)
at org.openqa.selenium.support.events.EventFiringWebDriver.lambda$new$0(EventFiringWebDriver.java:94)
at com.sun.proxy.$Proxy10.onException(Unknown Source)
at org.openqa.selenium.support.events.EventFiringWebDriver.lambda$new$1(EventFiringWebDriver.java:117)
at com.sun.proxy.$Proxy11.getScreenshotAs(Unknown Source)
at org.openqa.selenium.support.events.EventFiringWebDriver.getScreenshotAs(EventFiringWebDriver.java:312)
at com.crm.qa.util.TestUtil.takeScreenshotAtEndOfTest(TestUtil.java:27)
at com.crm.qa.util.WebEventListener.onException(WebEventListener.java:57)
at org.openqa.selenium.support.events.EventFiringWebDriver.lambda$new$0(EventFiringWebDriver.java:94)
at com.sun.proxy.$Proxy10.onException(Unknown Source)
at org.openqa.selenium.support.events.EventFiringWebDriver.lambda$new$1(EventFiringWebDriver.java:117)
at com.sun.proxy.$Proxy11.getScreenshotAs(Unknown Source)
at org.openqa.selenium.support.events.EventFiringWebDriver.getScreenshotAs(EventFiringWebDriver.java:312)
at com.crm.qa.util.TestUtil.takeScreenshotAtEndOfTest(TestUtil.java:27)
at com.crm.qa.util.WebEventListener.onException(WebEventListener.java:57)
at org.openqa.selenium.support.events.EventFiringWebDriver.lambda$new$0(EventFiringWebDriver.java:94)
at com.sun.proxy.$Proxy10.onException(Unknown Source)
at org.openqa.selenium.support.events.EventFiringWebDriver.lambda$new$1(EventFiringWebDriver.java:117)
at com.sun.proxy.$Proxy11.getScreenshotAs(Unknown Source)
at org.openqa.selenium.support.events.EventFiringWebDriver.getScreenshotAs(EventFiringWebDriver.java:312)
at com.crm.qa.util.TestUtil.takeScreenshotAtEndOfTest(TestUtil.java:27)
at com.crm.qa.util.WebEventListener.onException(WebEventListener.java:57)
at org.openqa.selenium.support.events.EventFiringWebDriver.lambda$new$0(EventFiringWebDriver.java:94)
at com.sun.proxy.$Proxy10.onException(Unknown Source)
at org.openqa.selenium.support.events.EventFiringWebDriver.lambda$new$1(EventFiringWebDriver.java:117)
at com.sun.proxy.$Proxy11.getScreenshotAs(Unknown Source)
at org.openqa.selenium.support.events.EventFiringWebDriver.getScreenshotAs(EventFiringWebDriver.java:312)
at com.crm.qa.util.TestUtil.takeScreenshotAtEndOfTest(TestUtil.java:27)
at com.crm.qa.util.WebEventListener.onException(WebEventListener.java:57)
at org.openqa.selenium.support.events.EventFiringWebDriver.lambda$new$0(EventFiringWebDriver.java:94)
at com.sun.proxy.$Proxy10.onException(Unknown Source)
at org.openqa.selenium.support.events.EventFiringWebDriver.lambda$new$1(EventFiringWebDriver.java:117)
at com.sun.proxy.$Proxy11.getScreenshotAs(Unknown Source)
at org.openqa.selenium.support.events.EventFiringWebDriver.getScreenshotAs(EventFiringWebDriver.java:312)
at com.crm.qa.util.TestUtil.takeScreenshotAtEndOfTest(TestUtil.java:27)
at com.crm.qa.util.WebEventListener.onException(WebEventListener.java:57)
at org.openqa.selenium.support.events.EventFiringWebDriver.lambda$new$0(EventFiringWebDriver.java:94)
at com.sun.proxy.$Proxy10.onException(Unknown Source)
at org.openqa.selenium.support.events.EventFiringWebDriver.lambda$new$1(EventFiringWebDriver.java:117)
at com.sun.proxy.$Proxy11.getScreenshotAs(Unknown Source)
at org.openqa.selenium.support.events.EventFiringWebDriver.getScreenshotAs(EventFiringWebDriver.java:312)
at com.crm.qa.util.TestUtil.takeScreenshotAtEndOfTest(TestUtil.java:27)
at com.crm.qa.util.WebEventListener.onException(WebEventListener.java:57)
at org.openqa.selenium.support.events.EventFiringWebDriver.lambda$new$0(EventFiringWebDriver.java:94)
at com.sun.proxy.$Proxy10.onException(Unknown Source)
at org.openqa.selenium.support.events.EventFiringWebDriver.lambda$new$1(EventFiringWebDriver.java:117)
at com.sun.proxy.$Proxy11.getScreenshotAs(Unknown Source)
at org.openqa.selenium.support.events.EventFiringWebDriver.getScreenshotAs(EventFiringWebDriver.java:312)
at com.crm.qa.util.TestUtil.takeScreenshotAtEndOfTest(TestUtil.java:27)
at com.crm.qa.util.WebEventListener.onException(WebEventListener.java:57)
at org.openqa.selenium.support.events.EventFiringWebDriver.lambda$new$0(EventFiringWebDriver.java:94)
at com.sun.proxy.$Proxy10.onException(Unknown Source)
at org.openqa.selenium.support.events.EventFiringWebDriver.lambda$new$1(EventFiringWebDriver.java:117)
at com.sun.proxy.$Proxy11.getScreenshotAs(Unknown Source)
at org.openqa.selenium.support.events.EventFiringWebDriver.getScreenshotAs(EventFiringWebDriver.java:312)
at com.crm.qa.util.TestUtil.takeScreenshotAtEndOfTest(TestUtil.java:27)
at com.crm.qa.util.WebEventListener.onException(WebEventListener.java:57)
at org.openqa.selenium.support.events.EventFiringWebDriver.lambda$new$0(EventFiringWebDriver.java:94)
at com.sun.proxy.$Proxy10.onException(Unknown Source)
at org.openqa.selenium.support.events.EventFiringWebDriver.lambda$new$1(EventFiringWebDriver.java:117)
at com.sun.proxy.$Proxy11.getScreenshotAs(Unknown Source)
at org.openqa.selenium.support.events.EventFiringWebDriver.getScreenshotAs(EventFiringWebDriver.java:312)
at com.crm.qa.util.TestUtil.takeScreenshotAtEndOfTest(TestUtil.java:27)
at com.crm.qa.util.WebEventListener.onException(WebEventListener.java:57)
at org.openqa.selenium.support.events.EventFiringWebDriver.lambda$new$0(EventFiringWebDriver.java:94)
at com.sun.proxy.$Proxy10.onException(Unknown Source)
at org.openqa.selenium.support.events.EventFiringWebDriver.lambda$new$1(EventFiringWebDriver.java:117)
at com.sun.proxy.$Proxy11.getScreenshotAs(Unknown Source)
at org.openqa.selenium.support.events.EventFiringWebDriver.getScreenshotAs(EventFiringWebDriver.java:312)
at com.crm.qa.util.TestUtil.takeScreenshotAtEndOfTest(TestUtil.java:27)
at com.crm.qa.util.WebEventListener.onException(WebEventListener.java:57)
at org.openqa.selenium.support.events.EventFiringWebDriver.lambda$new$0(EventFiringWebDriver.java:94)
at com.sun.proxy.$Proxy10.onException(Unknown Source)
at org.openqa.selenium.support.events.EventFiringWebDriver.lambda$new$1(EventFiringWebDriver.java:117)
at com.sun.proxy.$Proxy11.getScreenshotAs(Unknown Source)
at org.openqa.selenium.support.events.EventFiringWebDriver.getScreenshotAs(EventFiringWebDriver.java:312)
at com.crm.qa.util.TestUtil.takeScreenshotAtEndOfTest(TestUtil.java:27)
at com.crm.qa.util.WebEventListener.onException(WebEventListener.java:57)
at org.openqa.selenium.support.events.EventFiringWebDriver.lambda$new$0(EventFiringWebDriver.java:94)
at com.sun.proxy.$Proxy10.onException(Unknown Source)
at org.openqa.selenium.support.events.EventFiringWebDriver.lambda$new$1(EventFiringWebDriver.java:117)
at com.sun.proxy.$Proxy11.getScreenshotAs(Unknown Source)
at org.openqa.selenium.support.events.EventFiringWebDriver.getScreenshotAs(EventFiringWebDriver.java:312)
at com.crm.qa.util.TestUtil.takeScreenshotAtEndOfTest(TestUtil.java:27)
at com.crm.qa.util.WebEventListener.onException(WebEventListener.java:57)
at org.openqa.selenium.support.events.EventFiringWebDriver.lambda$new$0(EventFiringWebDriver.java:94)
at com.sun.proxy.$Proxy10.onException(Unknown Source)
at org.openqa.selenium.support.events.EventFiringWebDriver.lambda$new$1(EventFiringWebDriver.java:117)
at com.sun.proxy.$Proxy11.getScreenshotAs(Unknown Source)
at org.openqa.selenium.support.events.EventFiringWebDriver.getScreenshotAs(EventFiringWebDriver.java:312)
at com.crm.qa.util.TestUtil.takeScreenshotAtEndOfTest(TestUtil.java:27)
at com.crm.qa.util.WebEventListener.onException(WebEventListener.java:57)
at org.openqa.selenium.support.events.EventFiringWebDriver.lambda$new$0(EventFiringWebDriver.java:94)
at com.sun.proxy.$Proxy10.onException(Unknown Source)
at org.openqa.selenium.support.events.EventFiringWebDriver.lambda$new$1(EventFiringWebDriver.java:117)
at com.sun.proxy.$Proxy11.getScreenshotAs(Unknown Source)
at org.openqa.selenium.support.events.EventFiringWebDriver.getScreenshotAs(EventFiringWebDriver.java:312)
at com.crm.qa.util.TestUtil.takeScreenshotAtEndOfTest(TestUtil.java:27)
at com.crm.qa.util.WebEventListener.onException(WebEventListener.java:57)
at org.openqa.selenium.support.events.EventFiringWebDriver.lambda$new$0(EventFiringWebDriver.java:94)
at com.sun.proxy.$Proxy10.onException(Unknown Source)
at org.openqa.selenium.support.events.EventFiringWebDriver.lambda$new$1(EventFiringWebDriver.java:117)
at com.sun.proxy.$Proxy11.getScreenshotAs(Unknown Source)
at org.openqa.selenium.support.events.EventFiringWebDriver.getScreenshotAs(EventFiringWebDriver.java:312)
at com.crm.qa.util.TestUtil.takeScreenshotAtEndOfTest(TestUtil.java:27)
at com.crm.qa.util.WebEventListener.onException(WebEventListener.java:57)
at org.openqa.selenium.support.events.EventFiringWebDriver.lambda$new$0(EventFiringWebDriver.java:94)
at com.sun.proxy.$Proxy10.onException(Unknown Source)
at org.openqa.selenium.support.events.EventFiringWebDriver.lambda$new$1(EventFiringWebDriver.java:117)
at com.sun.proxy.$Proxy11.getScreenshotAs(Unknown Source)
at org.openqa.selenium.support.events.EventFiringWebDriver.getScreenshotAs(EventFiringWebDriver.java:312)
at com.crm.qa.util.TestUtil.takeScreenshotAtEndOfTest(TestUtil.java:27)
at com.crm.qa.util.WebEventListener.onException(WebEventListener.java:57)
at org.openqa.selenium.support.events.EventFiringWebDriver.lambda$new$0(EventFiringWebDriver.java:94)
at com.sun.proxy.$Proxy10.onException(Unknown Source)
at org.openqa.selenium.support.events.EventFiringWebDriver.lambda$new$1(EventFiringWebDriver.java:117)
at com.sun.proxy.$Proxy11.getScreenshotAs(Unknown Source)
at org.openqa.selenium.support.events.EventFiringWebDriver.getScreenshotAs(EventFiringWebDriver.java:312)
at com.crm.qa.util.TestUtil.takeScreenshotAtEndOfTest(TestUtil.java:27)
at com.crm.qa.util.WebEventListener.onException(WebEventListener.java:57)
at org.openqa.selenium.support.events.EventFiringWebDriver.lambda$new$0(EventFiringWebDriver.java:94)
at com.sun.proxy.$Proxy10.onException(Unknown Source)
at org.openqa.selenium.support.events.EventFiringWebDriver.lambda$new$1(EventFiringWebDriver.java:117)
at com.sun.proxy.$Proxy11.getScreenshotAs(Unknown Source)
at org.openqa.selenium.support.events.EventFiringWebDriver.getScreenshotAs(EventFiringWebDriver.java:312)
at com.crm.qa.util.TestUtil.takeScreenshotAtEndOfTest(TestUtil.java:27)
at com.crm.qa.util.WebEventListener.onException(WebEventListener.java:57)
at org.openqa.selenium.support.events.EventFiringWebDriver.lambda$new$0(EventFiringWebDriver.java:94)
at com.sun.proxy.$Proxy10.onException(Unknown Source)
at org.openqa.selenium.support.events.EventFiringWebDriver.lambda$new$1(EventFiringWebDriver.java:117)
at com.sun.proxy.$Proxy11.getScreenshotAs(Unknown Source)
at org.openqa.selenium.support.events.EventFiringWebDriver.getScreenshotAs(EventFiringWebDriver.java:312)
at com.crm.qa.util.TestUtil.takeScreenshotAtEndOfTest(TestUtil.java:27)
at com.crm.qa.util.WebEventListener.onException(WebEventListener.java:57)
at org.openqa.selenium.support.events.EventFiringWebDriver.lambda$new$0(EventFiringWebDriver.java:94)
at com.sun.proxy.$Proxy10.onException(Unknown Source)
at org.openqa.selenium.support.events.EventFiringWebDriver.lambda$new$1(EventFiringWebDriver.java:117)
... Removed 308 stack frames]]>
    </failure>
  </testcase> <!-- @BeforeMethod setUp -->
  <testcase name="@AfterMethod tearDown" time="-1.628343448249E9" classname="com.crm.qa.test.LoginPageTest">
    <skipped/>
  </testcase> <!-- @AfterMethod tearDown -->
  <testcase name="@BeforeMethod setUp" time="-1.628343448929E9" classname="com.crm.qa.test.LoginPageTest">
    <skipped/>
  </testcase> <!-- @BeforeMethod setUp -->
  <testcase name="@AfterMethod tearDown" time="-1.62834344893E9" classname="com.crm.qa.test.LoginPageTest">
    <skipped/>
  </testcase> <!-- @AfterMethod tearDown -->
  <testcase name="@BeforeMethod setUp" time="-1.62834344893E9" classname="com.crm.qa.test.LoginPageTest">
    <skipped/>
  </testcase> <!-- @BeforeMethod setUp -->
  <testcase name="@AfterMethod tearDown" time="-1.628343448939E9" classname="com.crm.qa.test.LoginPageTest">
    <skipped/>
  </testcase> <!-- @AfterMethod tearDown -->
  <testcase name="verifyContactsPageLableTest" time="3.376" classname="com.crm.qa.test.ContactsPageTest"/>
  <testcase name="selectSingleContactsTest" time="2.101" classname="com.crm.qa.test.ContactsPageTest"/>
  <testcase name="selectMultipleContactsTest" time="2.106" classname="com.crm.qa.test.ContactsPageTest"/>
  <testcase name="validateCreateNewContact" time="5.667" classname="com.crm.qa.test.ContactsPageTest"/>
  <testcase name="validateCreateNewContact" time="0.0" classname="com.crm.qa.test.ContactsPageTest">
    <skipped/>
  </testcase> <!-- validateCreateNewContact -->
  <testcase name="validateCreateNewContact" time="0.0" classname="com.crm.qa.test.ContactsPageTest">
    <skipped/>
  </testcase> <!-- validateCreateNewContact -->
  <testcase name="verifyHomePageTitleTest" time="0.0" classname="com.crm.qa.test.HomePageTest">
    <skipped/>
  </testcase> <!-- verifyHomePageTitleTest -->
  <testcase name="homepageUsernameTest" time="0.0" classname="com.crm.qa.test.HomePageTest">
    <skipped/>
  </testcase> <!-- homepageUsernameTest -->
  <testcase name="contactsTest" time="0.0" classname="com.crm.qa.test.HomePageTest">
    <skipped/>
  </testcase> <!-- contactsTest -->
  <testcase name="dealsTest" time="0.0" classname="com.crm.qa.test.HomePageTest">
    <skipped/>
  </testcase> <!-- dealsTest -->
  <testcase name="taskTest" time="0.0" classname="com.crm.qa.test.HomePageTest">
    <skipped/>
  </testcase> <!-- taskTest -->
  <testcase name="loginPageTitleTest" time="0.0" classname="com.crm.qa.test.LoginPageTest">
    <skipped/>
  </testcase> <!-- loginPageTitleTest -->
  <testcase name="crmLogoTest" time="0.0" classname="com.crm.qa.test.LoginPageTest">
    <skipped/>
  </testcase> <!-- crmLogoTest -->
  <testcase name="loginTest" time="0.0" classname="com.crm.qa.test.LoginPageTest">
    <skipped/>
  </testcase> <!-- loginTest -->
</testsuite> <!-- Command line test -->
